2026-04-29 22:46:03,166 - sqlalchemy.engine.Engine - INFO - select pg_catalog.version()
2026-04-29 22:46:03,167 - sqlalchemy.engine.Engine - INFO - [raw sql] ()
2026-04-29 22:46:03,168 - sqlalchemy.engine.Engine - INFO - select current_schema()
2026-04-29 22:46:03,169 - sqlalchemy.engine.Engine - INFO - [raw sql] ()
2026-04-29 22:46:03,170 - sqlalchemy.engine.Engine - INFO - show standard_conforming_strings
2026-04-29 22:46:03,170 - sqlalchemy.engine.Engine - INFO - [raw sql] ()
2026-04-29 22:46:03,171 - sqlalchemy.engine.Engine - INFO - BEGIN (implicit)
2026-04-29 22:46:03,186 - sqlalchemy.engine.Engine - INFO - SELECT "user".id, "user".email, "user".username, "user".hashed_password, "user".is_active, "user".role, "user".created_at, role_1.id AS id_1, role_1.name 
FROM "user" LEFT OUTER JOIN role AS role_1 ON role_1.id = "user".role 
WHERE "user".id = $1::INTEGER
2026-04-29 22:46:03,187 - sqlalchemy.engine.Engine - INFO - [generated in 0.00040s] (21,)
2026-04-29 22:46:03,205 - sqlalchemy.engine.Engine - INFO - ROLLBACK
2026-04-29 22:59:16,663 - sqlalchemy.engine.Engine - INFO - select pg_catalog.version()
2026-04-29 22:59:16,663 - sqlalchemy.engine.Engine - INFO - [raw sql] ()
2026-04-29 22:59:16,665 - sqlalchemy.engine.Engine - INFO - select current_schema()
2026-04-29 22:59:16,665 - sqlalchemy.engine.Engine - INFO - [raw sql] ()
2026-04-29 22:59:16,666 - sqlalchemy.engine.Engine - INFO - show standard_conforming_strings
2026-04-29 22:59:16,666 - sqlalchemy.engine.Engine - INFO - [raw sql] ()
2026-04-29 22:59:16,667 - sqlalchemy.engine.Engine - INFO - BEGIN (implicit)
2026-04-29 22:59:16,679 - sqlalchemy.engine.Engine - INFO - SELECT "user".id, "user".email, "user".username, "user".hashed_password, "user".is_active, "user".role, "user".created_at, role_1.id AS id_1, role_1.name 
FROM "user" LEFT OUTER JOIN role AS role_1 ON role_1.id = "user".role 
WHERE "user".id = $1::INTEGER
2026-04-29 22:59:16,679 - sqlalchemy.engine.Engine - INFO - [generated in 0.00032s] (21,)
2026-04-29 22:59:16,689 - sqlalchemy.engine.Engine - INFO - ROLLBACK
2026-04-29 22:59:16,812 - sqlalchemy.engine.Engine - INFO - BEGIN (implicit)
2026-04-29 22:59:16,812 - sqlalchemy.engine.Engine - INFO - SELECT "user".id, "user".email, "user".username, "user".hashed_password, "user".is_active, "user".role, "user".created_at, role_1.id AS id_1, role_1.name 
FROM "user" LEFT OUTER JOIN role AS role_1 ON role_1.id = "user".role 
WHERE "user".id = $1::INTEGER
2026-04-29 22:59:16,812 - sqlalchemy.engine.Engine - INFO - [cached since 0.1331s ago] (21,)
2026-04-29 22:59:16,818 - sqlalchemy.engine.Engine - INFO - SELECT topic.id, topic.name, topic.description, count(lesson.id) AS lessons_count, count(CASE WHEN (lesson_progress.completed_at IS NOT NULL) THEN lesson.id END) AS completed_lessons_count 
FROM topic LEFT OUTER JOIN lesson ON lesson.topic_id = topic.id LEFT OUTER JOIN lesson_progress ON lesson_progress.lesson_id = lesson.id AND lesson_progress.user_id = $1::INTEGER GROUP BY topic.id ORDER BY topic.id
2026-04-29 22:59:16,819 - sqlalchemy.engine.Engine - INFO - [generated in 0.00041s] (21,)
2026-04-29 22:59:16,854 - sqlalchemy.engine.Engine - INFO - ROLLBACK
2026-04-29 23:01:48,061 - sqlalchemy.engine.Engine - INFO - select pg_catalog.version()
2026-04-29 23:01:48,062 - sqlalchemy.engine.Engine - INFO - [raw sql] ()
2026-04-29 23:01:48,063 - sqlalchemy.engine.Engine - INFO - select current_schema()
2026-04-29 23:01:48,063 - sqlalchemy.engine.Engine - INFO - [raw sql] ()
2026-04-29 23:01:48,064 - sqlalchemy.engine.Engine - INFO - show standard_conforming_strings
2026-04-29 23:01:48,064 - sqlalchemy.engine.Engine - INFO - [raw sql] ()
2026-04-29 23:01:48,065 - sqlalchemy.engine.Engine - INFO - BEGIN (implicit)
2026-04-29 23:01:48,077 - sqlalchemy.engine.Engine - INFO - SELECT "user".id, "user".email, "user".username, "user".hashed_password, "user".is_active, "user".role, "user".created_at, role_1.id AS id_1, role_1.name 
FROM "user" LEFT OUTER JOIN role AS role_1 ON role_1.id = "user".role 
WHERE "user".id = $1::INTEGER
2026-04-29 23:01:48,077 - sqlalchemy.engine.Engine - INFO - [generated in 0.00027s] (21,)
2026-04-29 23:01:48,087 - sqlalchemy.engine.Engine - INFO - ROLLBACK
2026-04-29 23:01:48,204 - sqlalchemy.engine.Engine - INFO - BEGIN (implicit)
2026-04-29 23:01:48,204 - sqlalchemy.engine.Engine - INFO - SELECT "user".id, "user".email, "user".username, "user".hashed_password, "user".is_active, "user".role, "user".created_at, role_1.id AS id_1, role_1.name 
FROM "user" LEFT OUTER JOIN role AS role_1 ON role_1.id = "user".role 
WHERE "user".id = $1::INTEGER
2026-04-29 23:01:48,205 - sqlalchemy.engine.Engine - INFO - [cached since 0.1276s ago] (21,)
2026-04-29 23:01:48,207 - app - WARNING - HTTP 404: Not Found
2026-04-29 23:01:48,209 - app - WARNING - HTTP 404: Not Found
2026-04-29 23:01:48,220 - sqlalchemy.engine.Engine - INFO - SELECT topic.id, topic.name, topic.description, count(lesson.id) AS lessons_count, count(CASE WHEN (lesson_progress.completed_at IS NOT NULL) THEN lesson.id END) AS completed_lessons_count 
FROM topic LEFT OUTER JOIN lesson ON lesson.topic_id = topic.id LEFT OUTER JOIN lesson_progress ON lesson_progress.lesson_id = lesson.id AND lesson_progress.user_id = $1::INTEGER GROUP BY topic.id ORDER BY topic.id
2026-04-29 23:01:48,220 - sqlalchemy.engine.Engine - INFO - [generated in 0.00054s] (21,)
2026-04-29 23:01:48,223 - app - WARNING - HTTP 404: Not Found
2026-04-29 23:01:48,235 - sqlalchemy.engine.Engine - INFO - ROLLBACK
2026-04-29 23:01:48,238 - sqlalchemy.engine.Engine - INFO - BEGIN (implicit)
2026-04-29 23:01:48,239 - sqlalchemy.engine.Engine - INFO - SELECT "user".id, "user".email, "user".username, "user".hashed_password, "user".is_active, "user".role, "user".created_at, role_1.id AS id_1, role_1.name 
FROM "user" LEFT OUTER JOIN role AS role_1 ON role_1.id = "user".role 
WHERE "user".id = $1::INTEGER
2026-04-29 23:01:48,239 - sqlalchemy.engine.Engine - INFO - [cached since 0.1619s ago] (21,)
2026-04-29 23:01:48,240 - sqlalchemy.engine.Engine - INFO - BEGIN (implicit)
2026-04-29 23:01:48,240 - sqlalchemy.engine.Engine - INFO - SELECT "user".id, "user".email, "user".username, "user".hashed_password, "user".is_active, "user".role, "user".created_at, role_1.id AS id_1, role_1.name 
FROM "user" LEFT OUTER JOIN role AS role_1 ON role_1.id = "user".role 
WHERE "user".id = $1::INTEGER
2026-04-29 23:01:48,240 - sqlalchemy.engine.Engine - INFO - [cached since 0.1629s ago] (21,)
2026-04-29 23:01:48,241 - sqlalchemy.engine.Engine - INFO - BEGIN (implicit)
2026-04-29 23:01:48,241 - sqlalchemy.engine.Engine - INFO - SELECT "user".id, "user".email, "user".username, "user".hashed_password, "user".is_active, "user".role, "user".created_at, role_1.id AS id_1, role_1.name 
FROM "user" LEFT OUTER JOIN role AS role_1 ON role_1.id = "user".role 
WHERE "user".id = $1::INTEGER
2026-04-29 23:01:48,241 - sqlalchemy.engine.Engine - INFO - [cached since 0.164s ago] (21,)
2026-04-29 23:01:48,244 - sqlalchemy.engine.Engine - INFO - SELECT topic.id, topic.name, topic.description, count(lesson.id) AS lessons_count, count(CASE WHEN (lesson_progress.completed_at IS NOT NULL) THEN lesson.id END) AS completed_lessons_count 
FROM topic LEFT OUTER JOIN lesson ON lesson.topic_id = topic.id LEFT OUTER JOIN lesson_progress ON lesson_progress.lesson_id = lesson.id AND lesson_progress.user_id = $1::INTEGER GROUP BY topic.id ORDER BY topic.id
2026-04-29 23:01:48,245 - sqlalchemy.engine.Engine - INFO - [cached since 0.02477s ago] (21,)
2026-04-29 23:01:48,248 - sqlalchemy.engine.Engine - INFO - SELECT "user".id, "user".email, "user".username, "user".hashed_password, "user".is_active, "user".role, "user".created_at, role_1.id AS id_1, role_1.name 
FROM "user" LEFT OUTER JOIN role AS role_1 ON role_1.id = "user".role ORDER BY "user".id
2026-04-29 23:01:48,248 - sqlalchemy.engine.Engine - INFO - [generated in 0.00026s] ()
2026-04-29 23:01:48,249 - sqlalchemy.engine.Engine - INFO - SELECT count("user".id) AS count_1 
FROM "user"
2026-04-29 23:01:48,250 - sqlalchemy.engine.Engine - INFO - [generated in 0.00023s] ()
2026-04-29 23:01:48,252 - sqlalchemy.engine.Engine - INFO - SELECT count(topic.id) AS count_1 
FROM topic
2026-04-29 23:01:48,252 - sqlalchemy.engine.Engine - INFO - [generated in 0.00031s] ()
2026-04-29 23:01:48,258 - sqlalchemy.engine.Engine - INFO - ROLLBACK
2026-04-29 23:01:48,259 - sqlalchemy.engine.Engine - INFO - ROLLBACK
2026-04-29 23:01:48,261 - sqlalchemy.engine.Engine - INFO - SELECT count(lesson_progress.id) AS count_1 
FROM lesson_progress 
WHERE lesson_progress.user_id = $1::INTEGER AND lesson_progress.completed_at IS NOT NULL
2026-04-29 23:01:48,261 - sqlalchemy.engine.Engine - INFO - [generated in 0.00029s] (21,)
2026-04-29 23:01:48,264 - sqlalchemy.engine.Engine - INFO - SELECT topic.id, count(lesson.id) AS lessons_count, count(CASE WHEN (lesson_progress.user_id = $1::INTEGER AND lesson_progress.completed_at IS NOT NULL) THEN lesson.id END) AS completed_lessons_count 
FROM topic LEFT OUTER JOIN lesson ON lesson.topic_id = topic.id LEFT OUTER JOIN lesson_progress ON lesson_progress.lesson_id = lesson.id GROUP BY topic.id
2026-04-29 23:01:48,264 - sqlalchemy.engine.Engine - INFO - [generated in 0.00025s] (21,)
2026-04-29 23:01:48,267 - sqlalchemy.engine.Engine - INFO - SELECT "user".id, lesson.topic_id, count(lesson_progress.id) AS completed_lessons_count 
FROM "user" LEFT OUTER JOIN lesson_progress ON lesson_progress.user_id = "user".id AND lesson_progress.completed_at IS NOT NULL LEFT OUTER JOIN lesson ON lesson.id = lesson_progress.lesson_id GROUP BY "user".id, lesson.topic_id
2026-04-29 23:01:48,267 - sqlalchemy.engine.Engine - INFO - [generated in 0.00021s] ()
2026-04-29 23:01:48,268 - sqlalchemy.engine.Engine - INFO - SELECT "user".id 
FROM "user"
2026-04-29 23:01:48,269 - sqlalchemy.engine.Engine - INFO - [generated in 0.00017s] ()
2026-04-29 23:01:48,270 - sqlalchemy.engine.Engine - INFO - ROLLBACK
2026-04-29 23:01:53,135 - sqlalchemy.engine.Engine - INFO - BEGIN (implicit)
2026-04-29 23:01:53,136 - sqlalchemy.engine.Engine - INFO - SELECT "user".id, "user".email, "user".username, "user".hashed_password, "user".is_active, "user".role, "user".created_at, role_1.id AS id_1, role_1.name 
FROM "user" LEFT OUTER JOIN role AS role_1 ON role_1.id = "user".role 
WHERE "user".id = $1::INTEGER
2026-04-29 23:01:53,136 - sqlalchemy.engine.Engine - INFO - [cached since 5.059s ago] (21,)
2026-04-29 23:01:53,139 - sqlalchemy.engine.Engine - INFO - SELECT lesson.id, lesson.name, lesson.description, lesson.difficult, lesson.rhythm, lesson.notes, lesson.topic, lesson.hand, lesson.topic_id, lesson.order_in_topic 
FROM lesson 
WHERE lesson.topic_id = $1::INTEGER ORDER BY lesson.order_in_topic ASC
2026-04-29 23:01:53,140 - sqlalchemy.engine.Engine - INFO - [generated in 0.00030s] (3,)
2026-04-29 23:01:53,141 - sqlalchemy.engine.Engine - INFO - ROLLBACK
2026-04-29 23:01:53,614 - sqlalchemy.engine.Engine - INFO - BEGIN (implicit)
2026-04-29 23:01:53,614 - sqlalchemy.engine.Engine - INFO - SELECT "user".id, "user".email, "user".username, "user".hashed_password, "user".is_active, "user".role, "user".created_at, role_1.id AS id_1, role_1.name 
FROM "user" LEFT OUTER JOIN role AS role_1 ON role_1.id = "user".role 
WHERE "user".id = $1::INTEGER
2026-04-29 23:01:53,615 - sqlalchemy.engine.Engine - INFO - [cached since 5.537s ago] (21,)
2026-04-29 23:01:53,617 - sqlalchemy.engine.Engine - INFO - SELECT lesson.id, lesson.name, lesson.description, lesson.difficult, lesson.rhythm, lesson.notes, lesson.topic, lesson.hand, lesson.topic_id, lesson.order_in_topic 
FROM lesson 
WHERE lesson.topic_id = $1::INTEGER ORDER BY lesson.order_in_topic ASC
2026-04-29 23:01:53,617 - sqlalchemy.engine.Engine - INFO - [cached since 0.4779s ago] (2,)
2026-04-29 23:01:53,620 - sqlalchemy.engine.Engine - INFO - ROLLBACK
2026-04-29 23:01:53,928 - sqlalchemy.engine.Engine - INFO - BEGIN (implicit)
2026-04-29 23:01:53,929 - sqlalchemy.engine.Engine - INFO - SELECT "user".id, "user".email, "user".username, "user".hashed_password, "user".is_active, "user".role, "user".created_at, role_1.id AS id_1, role_1.name 
FROM "user" LEFT OUTER JOIN role AS role_1 ON role_1.id = "user".role 
WHERE "user".id = $1::INTEGER
2026-04-29 23:01:53,929 - sqlalchemy.engine.Engine - INFO - [cached since 5.852s ago] (21,)
2026-04-29 23:01:53,930 - sqlalchemy.engine.Engine - INFO - SELECT lesson.id, lesson.name, lesson.description, lesson.difficult, lesson.rhythm, lesson.notes, lesson.topic, lesson.hand, lesson.topic_id, lesson.order_in_topic 
FROM lesson 
WHERE lesson.topic_id = $1::INTEGER ORDER BY lesson.order_in_topic ASC
2026-04-29 23:01:53,931 - sqlalchemy.engine.Engine - INFO - [cached since 0.7912s ago] (1,)
2026-04-29 23:01:53,933 - sqlalchemy.engine.Engine - INFO - SELECT lesson_progress.lesson_id 
FROM lesson_progress JOIN lesson ON lesson.id = lesson_progress.lesson_id 
WHERE lesson_progress.user_id = $1::INTEGER AND lesson.topic_id = $2::INTEGER AND lesson_progress.completed_at IS NOT NULL
2026-04-29 23:01:53,933 - sqlalchemy.engine.Engine - INFO - [generated in 0.00025s] (21, 1)
2026-04-29 23:01:53,940 - sqlalchemy.engine.Engine - INFO - ROLLBACK
2026-04-29 23:01:55,494 - sqlalchemy.engine.Engine - INFO - BEGIN (implicit)
2026-04-29 23:01:55,495 - sqlalchemy.engine.Engine - INFO - SELECT "user".id, "user".email, "user".username, "user".hashed_password, "user".is_active, "user".role, "user".created_at, role_1.id AS id_1, role_1.name 
FROM "user" LEFT OUTER JOIN role AS role_1 ON role_1.id = "user".role 
WHERE "user".id = $1::INTEGER
2026-04-29 23:01:55,495 - sqlalchemy.engine.Engine - INFO - [cached since 7.418s ago] (21,)
2026-04-29 23:01:55,498 - sqlalchemy.engine.Engine - INFO - SELECT topic.id, topic.name, topic.description, count(lesson.id) AS lessons_count, count(CASE WHEN (lesson_progress.completed_at IS NOT NULL) THEN lesson.id END) AS completed_lessons_count 
FROM topic LEFT OUTER JOIN lesson ON lesson.topic_id = topic.id LEFT OUTER JOIN lesson_progress ON lesson_progress.lesson_id = lesson.id AND lesson_progress.user_id = $1::INTEGER GROUP BY topic.id ORDER BY topic.id
2026-04-29 23:01:55,498 - sqlalchemy.engine.Engine - INFO - [cached since 7.278s ago] (21,)
2026-04-29 23:01:55,501 - sqlalchemy.engine.Engine - INFO - ROLLBACK
2026-04-29 23:16:40,449 - app - WARNING - HTTP 404: Not Found
2026-04-29 23:22:07,825 - app - WARNING - HTTP 404: Not Found
2026-04-29 23:22:09,195 - app - WARNING - HTTP 404: Not Found
2026-04-29 23:25:30,973 - sqlalchemy.engine.Engine - INFO - select pg_catalog.version()
2026-04-29 23:25:30,974 - sqlalchemy.engine.Engine - INFO - [raw sql] ()
2026-04-29 23:25:30,976 - sqlalchemy.engine.Engine - INFO - select current_schema()
2026-04-29 23:25:30,976 - sqlalchemy.engine.Engine - INFO - [raw sql] ()
2026-04-29 23:25:30,977 - sqlalchemy.engine.Engine - INFO - show standard_conforming_strings
2026-04-29 23:25:30,977 - sqlalchemy.engine.Engine - INFO - [raw sql] ()
2026-04-29 23:25:30,978 - sqlalchemy.engine.Engine - INFO - BEGIN (implicit)
2026-04-29 23:25:30,993 - sqlalchemy.engine.Engine - INFO - SELECT "user".id, "user".email, "user".username, "user".hashed_password, "user".is_active, "user".role, "user".created_at, role_1.id AS id_1, role_1.name 
FROM "user" LEFT OUTER JOIN role AS role_1 ON role_1.id = "user".role 
WHERE "user".email = $1::VARCHAR
2026-04-29 23:25:30,993 - sqlalchemy.engine.Engine - INFO - [generated in 0.00028s] ('qwe@qwe.qwe',)
2026-04-29 23:25:30,996 - sqlalchemy.engine.Engine - INFO - ROLLBACK
2026-04-29 23:25:30,997 - app - WARNING - HTTP 401: Неверный email или пароль
2026-04-29 23:25:43,602 - sqlalchemy.engine.Engine - INFO - BEGIN (implicit)
2026-04-29 23:25:43,603 - sqlalchemy.engine.Engine - INFO - SELECT "user".id, "user".email, "user".username, "user".hashed_password, "user".is_active, "user".role, "user".created_at, role_1.id AS id_1, role_1.name 
FROM "user" LEFT OUTER JOIN role AS role_1 ON role_1.id = "user".role 
WHERE "user".email = $1::VARCHAR
2026-04-29 23:25:43,603 - sqlalchemy.engine.Engine - INFO - [cached since 12.61s ago] ('qwe@qwe.qwe',)
2026-04-29 23:25:43,607 - sqlalchemy.engine.Engine - INFO - SELECT "user".id, "user".email, "user".username, "user".hashed_password, "user".is_active, "user".role, "user".created_at, role_1.id AS id_1, role_1.name 
FROM "user" LEFT OUTER JOIN role AS role_1 ON role_1.id = "user".role 
WHERE "user".username = $1::VARCHAR
2026-04-29 23:25:43,607 - sqlalchemy.engine.Engine - INFO - [generated in 0.00031s] ('qwe',)
2026-04-29 23:25:43,609 - sqlalchemy.engine.Engine - INFO - ROLLBACK
2026-04-29 23:25:43,609 - app - WARNING - HTTP 400: такой username уже занят
2026-04-29 23:25:46,422 - sqlalchemy.engine.Engine - INFO - BEGIN (implicit)
2026-04-29 23:25:46,422 - sqlalchemy.engine.Engine - INFO - SELECT "user".id, "user".email, "user".username, "user".hashed_password, "user".is_active, "user".role, "user".created_at, role_1.id AS id_1, role_1.name 
FROM "user" LEFT OUTER JOIN role AS role_1 ON role_1.id = "user".role 
WHERE "user".email = $1::VARCHAR
2026-04-29 23:25:46,422 - sqlalchemy.engine.Engine - INFO - [cached since 15.43s ago] ('qwe@qwe.qwe',)
2026-04-29 23:25:46,426 - sqlalchemy.engine.Engine - INFO - SELECT "user".id, "user".email, "user".username, "user".hashed_password, "user".is_active, "user".role, "user".created_at, role_1.id AS id_1, role_1.name 
FROM "user" LEFT OUTER JOIN role AS role_1 ON role_1.id = "user".role 
WHERE "user".username = $1::VARCHAR
2026-04-29 23:25:46,427 - sqlalchemy.engine.Engine - INFO - [cached since 2.82s ago] ('qwee',)
2026-04-29 23:25:46,686 - sqlalchemy.engine.Engine - INFO - SELECT role.id 
FROM role 
WHERE role.name = $1::VARCHAR
2026-04-29 23:25:46,686 - sqlalchemy.engine.Engine - INFO - [generated in 0.00027s] ('пользователь',)
2026-04-29 23:25:46,690 - sqlalchemy.engine.Engine - INFO - INSERT INTO "user" (email, username, hashed_password, is_active, role) VALUES ($1::VARCHAR, $2::VARCHAR, $3::VARCHAR, $4::BOOLEAN, $5::INTEGER) RETURNING "user".id, "user".created_at
2026-04-29 23:25:46,690 - sqlalchemy.engine.Engine - INFO - [generated in 0.00039s] ('qwe@qwe.qwe', 'qwee', '$bcrypt-sha256$v=2,t=2b,r=12$HLYTpZiC24FaF8FELvmcfe$Bl5DEPH88ZnEyHNHRFCCbLEuwSh5tyW', True, 2)
2026-04-29 23:25:46,721 - sqlalchemy.engine.Engine - INFO - COMMIT
2026-04-29 23:25:46,723 - sqlalchemy.engine.Engine - INFO - BEGIN (implicit)
2026-04-29 23:25:46,725 - sqlalchemy.engine.Engine - INFO - SELECT "user".id, "user".email, "user".username, "user".hashed_password, "user".is_active, "user".role, "user".created_at, role_1.id AS id_1, role_1.name 
FROM "user" LEFT OUTER JOIN role AS role_1 ON role_1.id = "user".role 
WHERE "user".id = $1::INTEGER
2026-04-29 23:25:46,725 - sqlalchemy.engine.Engine - INFO - [generated in 0.00024s] (23,)
2026-04-29 23:25:46,732 - sqlalchemy.engine.Engine - INFO - ROLLBACK
2026-04-29 23:25:47,807 - sqlalchemy.engine.Engine - INFO - BEGIN (implicit)
2026-04-29 23:25:47,810 - sqlalchemy.engine.Engine - INFO - SELECT "user".id, "user".email, "user".username, "user".hashed_password, "user".is_active, "user".role, "user".created_at, role_1.id AS id_1, role_1.name 
FROM "user" LEFT OUTER JOIN role AS role_1 ON role_1.id = "user".role 
WHERE "user".id = $1::INTEGER
2026-04-29 23:25:47,810 - sqlalchemy.engine.Engine - INFO - [generated in 0.00032s] (23,)
2026-04-29 23:25:47,823 - sqlalchemy.engine.Engine - INFO - SELECT topic.id, topic.name, topic.description, count(lesson.id) AS lessons_count, count(CASE WHEN (lesson_progress.completed_at IS NOT NULL) THEN lesson.id END) AS completed_lessons_count 
FROM topic LEFT OUTER JOIN lesson ON lesson.topic_id = topic.id LEFT OUTER JOIN lesson_progress ON lesson_progress.lesson_id = lesson.id AND lesson_progress.user_id = $1::INTEGER GROUP BY topic.id ORDER BY topic.id
2026-04-29 23:25:47,823 - sqlalchemy.engine.Engine - INFO - [generated in 0.00036s] (23,)
2026-04-29 23:25:47,836 - sqlalchemy.engine.Engine - INFO - ROLLBACK
2026-04-29 23:25:47,840 - sqlalchemy.engine.Engine - INFO - BEGIN (implicit)
2026-04-29 23:25:47,840 - sqlalchemy.engine.Engine - INFO - SELECT "user".id, "user".email, "user".username, "user".hashed_password, "user".is_active, "user".role, "user".created_at, role_1.id AS id_1, role_1.name 
FROM "user" LEFT OUTER JOIN role AS role_1 ON role_1.id = "user".role 
WHERE "user".id = $1::INTEGER
2026-04-29 23:25:47,840 - sqlalchemy.engine.Engine - INFO - [cached since 0.03072s ago] (23,)
2026-04-29 23:25:47,841 - sqlalchemy.engine.Engine - INFO - BEGIN (implicit)
2026-04-29 23:25:47,841 - sqlalchemy.engine.Engine - INFO - SELECT "user".id, "user".email, "user".username, "user".hashed_password, "user".is_active, "user".role, "user".created_at, role_1.id AS id_1, role_1.name 
FROM "user" LEFT OUTER JOIN role AS role_1 ON role_1.id = "user".role 
WHERE "user".id = $1::INTEGER
2026-04-29 23:25:47,842 - sqlalchemy.engine.Engine - INFO - [cached since 0.03195s ago] (23,)
2026-04-29 23:25:47,842 - sqlalchemy.engine.Engine - INFO - BEGIN (implicit)
2026-04-29 23:25:47,842 - sqlalchemy.engine.Engine - INFO - SELECT "user".id, "user".email, "user".username, "user".hashed_password, "user".is_active, "user".role, "user".created_at, role_1.id AS id_1, role_1.name 
FROM "user" LEFT OUTER JOIN role AS role_1 ON role_1.id = "user".role 
WHERE "user".id = $1::INTEGER
2026-04-29 23:25:47,843 - sqlalchemy.engine.Engine - INFO - [cached since 0.03297s ago] (23,)
2026-04-29 23:25:47,843 - sqlalchemy.engine.Engine - INFO - BEGIN (implicit)
2026-04-29 23:25:47,843 - sqlalchemy.engine.Engine - INFO - SELECT "user".id, "user".email, "user".username, "user".hashed_password, "user".is_active, "user".role, "user".created_at, role_1.id AS id_1, role_1.name 
FROM "user" LEFT OUTER JOIN role AS role_1 ON role_1.id = "user".role 
WHERE "user".id = $1::INTEGER
2026-04-29 23:25:47,843 - sqlalchemy.engine.Engine - INFO - [cached since 0.0337s ago] (23,)
2026-04-29 23:25:47,844 - sqlalchemy.engine.Engine - INFO - BEGIN (implicit)
2026-04-29 23:25:47,844 - sqlalchemy.engine.Engine - INFO - SELECT "user".id, "user".email, "user".username, "user".hashed_password, "user".is_active, "user".role, "user".created_at, role_1.id AS id_1, role_1.name 
FROM "user" LEFT OUTER JOIN role AS role_1 ON role_1.id = "user".role 
WHERE "user".id = $1::INTEGER
2026-04-29 23:25:47,845 - sqlalchemy.engine.Engine - INFO - [cached since 0.0353s ago] (23,)
2026-04-29 23:25:47,845 - sqlalchemy.engine.Engine - INFO - BEGIN (implicit)
2026-04-29 23:25:47,846 - sqlalchemy.engine.Engine - INFO - SELECT "user".id, "user".email, "user".username, "user".hashed_password, "user".is_active, "user".role, "user".created_at, role_1.id AS id_1, role_1.name 
FROM "user" LEFT OUTER JOIN role AS role_1 ON role_1.id = "user".role 
WHERE "user".id = $1::INTEGER
2026-04-29 23:25:47,846 - sqlalchemy.engine.Engine - INFO - [cached since 0.03641s ago] (23,)
2026-04-29 23:25:47,852 - sqlalchemy.engine.Engine - INFO - ROLLBACK
2026-04-29 23:25:47,853 - sqlalchemy.engine.Engine - INFO - ROLLBACK
2026-04-29 23:25:47,853 - sqlalchemy.engine.Engine - INFO - ROLLBACK
2026-04-29 23:25:47,855 - sqlalchemy.engine.Engine - INFO - SELECT topic.id, topic.name, topic.description, count(lesson.id) AS lessons_count, count(CASE WHEN (lesson_progress.completed_at IS NOT NULL) THEN lesson.id END) AS completed_lessons_count 
FROM topic LEFT OUTER JOIN lesson ON lesson.topic_id = topic.id LEFT OUTER JOIN lesson_progress ON lesson_progress.lesson_id = lesson.id AND lesson_progress.user_id = $1::INTEGER GROUP BY topic.id ORDER BY topic.id
2026-04-29 23:25:47,855 - sqlalchemy.engine.Engine - INFO - [cached since 0.03189s ago] (23,)
2026-04-29 23:25:47,856 - sqlalchemy.engine.Engine - INFO - ROLLBACK
2026-04-29 23:25:47,857 - sqlalchemy.engine.Engine - INFO - SELECT count("user".id) AS count_1 
FROM "user"
2026-04-29 23:25:47,858 - sqlalchemy.engine.Engine - INFO - [generated in 0.00028s] ()
2026-04-29 23:25:47,858 - app - WARNING - HTTP 403: Недостаточно прав. Доступно только администраторам.
2026-04-29 23:25:47,859 - app - WARNING - HTTP 403: Недостаточно прав. Доступно только администраторам.
2026-04-29 23:25:47,860 - app - WARNING - HTTP 403: Недостаточно прав. Доступно только администраторам.
2026-04-29 23:25:47,861 - app - WARNING - HTTP 403: Недостаточно прав. Доступно только администраторам.
2026-04-29 23:25:47,862 - sqlalchemy.engine.Engine - INFO - ROLLBACK
2026-04-29 23:25:47,863 - sqlalchemy.engine.Engine - INFO - SELECT count(topic.id) AS count_1 
FROM topic
2026-04-29 23:25:47,863 - sqlalchemy.engine.Engine - INFO - [generated in 0.00018s] ()
2026-04-29 23:25:47,866 - sqlalchemy.engine.Engine - INFO - SELECT count(lesson_progress.id) AS count_1 
FROM lesson_progress 
WHERE lesson_progress.user_id = $1::INTEGER AND lesson_progress.completed_at IS NOT NULL
2026-04-29 23:25:47,866 - sqlalchemy.engine.Engine - INFO - [generated in 0.00030s] (23,)
2026-04-29 23:25:47,869 - sqlalchemy.engine.Engine - INFO - SELECT topic.id, count(lesson.id) AS lessons_count, count(CASE WHEN (lesson_progress.user_id = $1::INTEGER AND lesson_progress.completed_at IS NOT NULL) THEN lesson.id END) AS completed_lessons_count 
FROM topic LEFT OUTER JOIN lesson ON lesson.topic_id = topic.id LEFT OUTER JOIN lesson_progress ON lesson_progress.lesson_id = lesson.id GROUP BY topic.id
2026-04-29 23:25:47,870 - sqlalchemy.engine.Engine - INFO - [generated in 0.00026s] (23,)
2026-04-29 23:25:47,874 - sqlalchemy.engine.Engine - INFO - SELECT "user".id, lesson.topic_id, count(lesson_progress.id) AS completed_lessons_count 
FROM "user" LEFT OUTER JOIN lesson_progress ON lesson_progress.user_id = "user".id AND lesson_progress.completed_at IS NOT NULL LEFT OUTER JOIN lesson ON lesson.id = lesson_progress.lesson_id GROUP BY "user".id, lesson.topic_id
2026-04-29 23:25:47,874 - sqlalchemy.engine.Engine - INFO - [generated in 0.00037s] ()
2026-04-29 23:25:47,876 - sqlalchemy.engine.Engine - INFO - SELECT "user".id 
FROM "user"
2026-04-29 23:25:47,876 - sqlalchemy.engine.Engine - INFO - [generated in 0.00022s] ()
2026-04-29 23:25:47,877 - sqlalchemy.engine.Engine - INFO - ROLLBACK
2026-04-29 23:26:26,809 - sqlalchemy.engine.Engine - INFO - BEGIN (implicit)
2026-04-29 23:26:26,809 - sqlalchemy.engine.Engine - INFO - SELECT "user".id, "user".email, "user".username, "user".hashed_password, "user".is_active, "user".role, "user".created_at, role_1.id AS id_1, role_1.name 
FROM "user" LEFT OUTER JOIN role AS role_1 ON role_1.id = "user".role 
WHERE "user".id = $1::INTEGER
2026-04-29 23:26:26,809 - sqlalchemy.engine.Engine - INFO - [cached since 39s ago] (23,)
2026-04-29 23:26:26,811 - sqlalchemy.engine.Engine - INFO - ROLLBACK
2026-04-29 23:26:26,932 - sqlalchemy.engine.Engine - INFO - BEGIN (implicit)
2026-04-29 23:26:26,933 - sqlalchemy.engine.Engine - INFO - SELECT "user".id, "user".email, "user".username, "user".hashed_password, "user".is_active, "user".role, "user".created_at, role_1.id AS id_1, role_1.name 
FROM "user" LEFT OUTER JOIN role AS role_1 ON role_1.id = "user".role 
WHERE "user".id = $1::INTEGER
2026-04-29 23:26:26,933 - sqlalchemy.engine.Engine - INFO - [cached since 39.12s ago] (23,)
2026-04-29 23:26:26,936 - sqlalchemy.engine.Engine - INFO - BEGIN (implicit)
2026-04-29 23:26:26,937 - sqlalchemy.engine.Engine - INFO - SELECT "user".id, "user".email, "user".username, "user".hashed_password, "user".is_active, "user".role, "user".created_at, role_1.id AS id_1, role_1.name 
FROM "user" LEFT OUTER JOIN role AS role_1 ON role_1.id = "user".role 
WHERE "user".id = $1::INTEGER
2026-04-29 23:26:26,937 - sqlalchemy.engine.Engine - INFO - [cached since 39.13s ago] (23,)
2026-04-29 23:26:26,938 - sqlalchemy.engine.Engine - INFO - BEGIN (implicit)
2026-04-29 23:26:26,939 - sqlalchemy.engine.Engine - INFO - SELECT "user".id, "user".email, "user".username, "user".hashed_password, "user".is_active, "user".role, "user".created_at, role_1.id AS id_1, role_1.name 
FROM "user" LEFT OUTER JOIN role AS role_1 ON role_1.id = "user".role 
WHERE "user".id = $1::INTEGER
2026-04-29 23:26:26,939 - sqlalchemy.engine.Engine - INFO - [cached since 39.13s ago] (23,)
2026-04-29 23:26:26,940 - sqlalchemy.engine.Engine - INFO - SELECT topic.id, topic.name, topic.description, count(lesson.id) AS lessons_count, count(CASE WHEN (lesson_progress.completed_at IS NOT NULL) THEN lesson.id END) AS completed_lessons_count 
FROM topic LEFT OUTER JOIN lesson ON lesson.topic_id = topic.id LEFT OUTER JOIN lesson_progress ON lesson_progress.lesson_id = lesson.id AND lesson_progress.user_id = $1::INTEGER GROUP BY topic.id ORDER BY topic.id
2026-04-29 23:26:26,941 - sqlalchemy.engine.Engine - INFO - [cached since 39.12s ago] (23,)
2026-04-29 23:26:26,943 - sqlalchemy.engine.Engine - INFO - BEGIN (implicit)
2026-04-29 23:26:26,943 - sqlalchemy.engine.Engine - INFO - SELECT "user".id, "user".email, "user".username, "user".hashed_password, "user".is_active, "user".role, "user".created_at, role_1.id AS id_1, role_1.name 
FROM "user" LEFT OUTER JOIN role AS role_1 ON role_1.id = "user".role 
WHERE "user".id = $1::INTEGER
2026-04-29 23:26:26,943 - sqlalchemy.engine.Engine - INFO - [cached since 39.13s ago] (23,)
2026-04-29 23:26:26,944 - sqlalchemy.engine.Engine - INFO - BEGIN (implicit)
2026-04-29 23:26:26,944 - sqlalchemy.engine.Engine - INFO - SELECT "user".id, "user".email, "user".username, "user".hashed_password, "user".is_active, "user".role, "user".created_at, role_1.id AS id_1, role_1.name 
FROM "user" LEFT OUTER JOIN role AS role_1 ON role_1.id = "user".role 
WHERE "user".id = $1::INTEGER
2026-04-29 23:26:26,945 - sqlalchemy.engine.Engine - INFO - [cached since 39.13s ago] (23,)
2026-04-29 23:26:26,947 - sqlalchemy.engine.Engine - INFO - ROLLBACK
2026-04-29 23:26:26,948 - sqlalchemy.engine.Engine - INFO - ROLLBACK
2026-04-29 23:26:26,950 - sqlalchemy.engine.Engine - INFO - ROLLBACK
2026-04-29 23:26:26,950 - app - WARNING - HTTP 400: Поддерживаются периоды 7, 30 или 90 дней
2026-04-29 23:26:26,952 - sqlalchemy.engine.Engine - INFO - BEGIN (implicit)
2026-04-29 23:26:26,952 - sqlalchemy.engine.Engine - INFO - SELECT "user".id, "user".email, "user".username, "user".hashed_password, "user".is_active, "user".role, "user".created_at, role_1.id AS id_1, role_1.name 
FROM "user" LEFT OUTER JOIN role AS role_1 ON role_1.id = "user".role 
WHERE "user".id = $1::INTEGER
2026-04-29 23:26:26,952 - sqlalchemy.engine.Engine - INFO - [cached since 39.14s ago] (23,)
2026-04-29 23:26:26,952 - app - WARNING - HTTP 400: Поддерживаются периоды 7, 30 или 90 дней
2026-04-29 23:26:26,955 - sqlalchemy.engine.Engine - INFO - SELECT "user".id, "user".email, "user".username, "user".hashed_password, "user".is_active, "user".role, "user".created_at, role_1.id AS id_1, role_1.name 
FROM "user" LEFT OUTER JOIN role AS role_1 ON role_1.id = "user".role ORDER BY "user".id
2026-04-29 23:26:26,955 - sqlalchemy.engine.Engine - INFO - [generated in 0.00018s] ()
2026-04-29 23:26:26,956 - sqlalchemy.engine.Engine - INFO - ROLLBACK
2026-04-29 23:26:26,957 - app - WARNING - HTTP 400: Поддерживаются периоды 7, 30 или 90 дней
2026-04-29 23:26:26,958 - sqlalchemy.engine.Engine - INFO - SELECT topic.id, topic.name, topic.description, count(lesson.id) AS lessons_count, count(CASE WHEN (lesson_progress.completed_at IS NOT NULL) THEN lesson.id END) AS completed_lessons_count 
FROM topic LEFT OUTER JOIN lesson ON lesson.topic_id = topic.id LEFT OUTER JOIN lesson_progress ON lesson_progress.lesson_id = lesson.id AND lesson_progress.user_id = $1::INTEGER GROUP BY topic.id ORDER BY topic.id
2026-04-29 23:26:26,959 - sqlalchemy.engine.Engine - INFO - [cached since 39.14s ago] (23,)
2026-04-29 23:26:26,963 - sqlalchemy.engine.Engine - INFO - ROLLBACK
2026-04-29 23:26:26,963 - sqlalchemy.engine.Engine - INFO - BEGIN (implicit)
2026-04-29 23:26:26,964 - sqlalchemy.engine.Engine - INFO - SELECT "user".id, "user".email, "user".username, "user".hashed_password, "user".is_active, "user".role, "user".created_at, role_1.id AS id_1, role_1.name 
FROM "user" LEFT OUTER JOIN role AS role_1 ON role_1.id = "user".role 
WHERE "user".id = $1::INTEGER
2026-04-29 23:26:26,964 - sqlalchemy.engine.Engine - INFO - [cached since 39.15s ago] (23,)
2026-04-29 23:26:26,966 - sqlalchemy.engine.Engine - INFO - ROLLBACK
2026-04-29 23:26:26,967 - sqlalchemy.engine.Engine - INFO - SELECT count("user".id) AS count_1 
FROM "user"
2026-04-29 23:26:26,967 - sqlalchemy.engine.Engine - INFO - [cached since 39.11s ago] ()
2026-04-29 23:26:26,969 - sqlalchemy.engine.Engine - INFO - SELECT count(topic.id) AS count_1 
FROM topic
2026-04-29 23:26:26,969 - sqlalchemy.engine.Engine - INFO - [cached since 39.11s ago] ()
2026-04-29 23:26:26,970 - sqlalchemy.engine.Engine - INFO - SELECT count(lesson_progress.id) AS count_1 
FROM lesson_progress 
WHERE lesson_progress.user_id = $1::INTEGER AND lesson_progress.completed_at IS NOT NULL
2026-04-29 23:26:26,970 - sqlalchemy.engine.Engine - INFO - [cached since 39.1s ago] (23,)
2026-04-29 23:26:26,972 - sqlalchemy.engine.Engine - INFO - SELECT topic.id, count(lesson.id) AS lessons_count, count(CASE WHEN (lesson_progress.user_id = $1::INTEGER AND lesson_progress.completed_at IS NOT NULL) THEN lesson.id END) AS completed_lessons_count 
FROM topic LEFT OUTER JOIN lesson ON lesson.topic_id = topic.id LEFT OUTER JOIN lesson_progress ON lesson_progress.lesson_id = lesson.id GROUP BY topic.id
2026-04-29 23:26:26,972 - sqlalchemy.engine.Engine - INFO - [cached since 39.1s ago] (23,)
2026-04-29 23:26:26,974 - sqlalchemy.engine.Engine - INFO - SELECT "user".id, lesson.topic_id, count(lesson_progress.id) AS completed_lessons_count 
FROM "user" LEFT OUTER JOIN lesson_progress ON lesson_progress.user_id = "user".id AND lesson_progress.completed_at IS NOT NULL LEFT OUTER JOIN lesson ON lesson.id = lesson_progress.lesson_id GROUP BY "user".id, lesson.topic_id
2026-04-29 23:26:26,974 - sqlalchemy.engine.Engine - INFO - [cached since 39.1s ago] ()
2026-04-29 23:26:26,976 - sqlalchemy.engine.Engine - INFO - SELECT "user".id 
FROM "user"
2026-04-29 23:26:26,976 - sqlalchemy.engine.Engine - INFO - [cached since 39.1s ago] ()
2026-04-29 23:26:26,978 - sqlalchemy.engine.Engine - INFO - ROLLBACK
2026-04-29 23:26:34,287 - sqlalchemy.engine.Engine - INFO - BEGIN (implicit)
2026-04-29 23:26:34,288 - sqlalchemy.engine.Engine - INFO - SELECT "user".id, "user".email, "user".username, "user".hashed_password, "user".is_active, "user".role, "user".created_at, role_1.id AS id_1, role_1.name 
FROM "user" LEFT OUTER JOIN role AS role_1 ON role_1.id = "user".role 
WHERE "user".id = $1::INTEGER
2026-04-29 23:26:34,288 - sqlalchemy.engine.Engine - INFO - [cached since 46.48s ago] (23,)
2026-04-29 23:26:34,290 - sqlalchemy.engine.Engine - INFO - ROLLBACK
2026-04-29 23:26:34,291 - app - WARNING - HTTP 400: Поддерживаются периоды 7, 30 или 90 дней
2026-04-29 23:26:40,229 - sqlalchemy.engine.Engine - INFO - BEGIN (implicit)
2026-04-29 23:26:40,229 - sqlalchemy.engine.Engine - INFO - SELECT "user".id, "user".email, "user".username, "user".hashed_password, "user".is_active, "user".role, "user".created_at, role_1.id AS id_1, role_1.name 
FROM "user" LEFT OUTER JOIN role AS role_1 ON role_1.id = "user".role 
WHERE "user".id = $1::INTEGER
2026-04-29 23:26:40,229 - sqlalchemy.engine.Engine - INFO - [cached since 52.42s ago] (23,)
2026-04-29 23:26:40,231 - sqlalchemy.engine.Engine - INFO - ROLLBACK
2026-04-29 23:26:40,231 - app - WARNING - HTTP 400: Поддерживаются периоды 7, 30 или 90 дней
2026-04-29 23:28:44,542 - sqlalchemy.engine.Engine - INFO - select pg_catalog.version()
2026-04-29 23:28:44,543 - sqlalchemy.engine.Engine - INFO - [raw sql] ()
2026-04-29 23:28:44,545 - sqlalchemy.engine.Engine - INFO - select current_schema()
2026-04-29 23:28:44,545 - sqlalchemy.engine.Engine - INFO - [raw sql] ()
2026-04-29 23:28:44,546 - sqlalchemy.engine.Engine - INFO - show standard_conforming_strings
2026-04-29 23:28:44,546 - sqlalchemy.engine.Engine - INFO - [raw sql] ()
2026-04-29 23:28:44,547 - sqlalchemy.engine.Engine - INFO - BEGIN (implicit)
2026-04-29 23:28:44,562 - sqlalchemy.engine.Engine - INFO - SELECT "user".id, "user".email, "user".username, "user".hashed_password, "user".is_active, "user".role, "user".created_at, role_1.id AS id_1, role_1.name 
FROM "user" LEFT OUTER JOIN role AS role_1 ON role_1.id = "user".role 
WHERE "user".id = $1::INTEGER
2026-04-29 23:28:44,563 - sqlalchemy.engine.Engine - INFO - [generated in 0.00032s] (23,)
2026-04-29 23:28:44,573 - sqlalchemy.engine.Engine - INFO - ROLLBACK
2026-04-29 23:28:44,709 - sqlalchemy.engine.Engine - INFO - BEGIN (implicit)
2026-04-29 23:28:44,709 - sqlalchemy.engine.Engine - INFO - SELECT "user".id, "user".email, "user".username, "user".hashed_password, "user".is_active, "user".role, "user".created_at, role_1.id AS id_1, role_1.name 
FROM "user" LEFT OUTER JOIN role AS role_1 ON role_1.id = "user".role 
WHERE "user".id = $1::INTEGER
2026-04-29 23:28:44,710 - sqlalchemy.engine.Engine - INFO - [cached since 0.1474s ago] (23,)
2026-04-29 23:28:44,722 - sqlalchemy.engine.Engine - INFO - SELECT topic.id, topic.name, topic.description, count(lesson.id) AS lessons_count, count(CASE WHEN (lesson_progress.completed_at IS NOT NULL) THEN lesson.id END) AS completed_lessons_count 
FROM topic LEFT OUTER JOIN lesson ON lesson.topic_id = topic.id LEFT OUTER JOIN lesson_progress ON lesson_progress.lesson_id = lesson.id AND lesson_progress.user_id = $1::INTEGER GROUP BY topic.id ORDER BY topic.id
2026-04-29 23:28:44,723 - sqlalchemy.engine.Engine - INFO - [generated in 0.00045s] (23,)
2026-04-29 23:28:44,737 - sqlalchemy.engine.Engine - INFO - ROLLBACK
2026-04-29 23:28:44,741 - sqlalchemy.engine.Engine - INFO - BEGIN (implicit)
2026-04-29 23:28:44,741 - sqlalchemy.engine.Engine - INFO - SELECT "user".id, "user".email, "user".username, "user".hashed_password, "user".is_active, "user".role, "user".created_at, role_1.id AS id_1, role_1.name 
FROM "user" LEFT OUTER JOIN role AS role_1 ON role_1.id = "user".role 
WHERE "user".id = $1::INTEGER
2026-04-29 23:28:44,741 - sqlalchemy.engine.Engine - INFO - [cached since 0.1789s ago] (23,)
2026-04-29 23:28:44,742 - sqlalchemy.engine.Engine - INFO - BEGIN (implicit)
2026-04-29 23:28:44,742 - sqlalchemy.engine.Engine - INFO - SELECT "user".id, "user".email, "user".username, "user".hashed_password, "user".is_active, "user".role, "user".created_at, role_1.id AS id_1, role_1.name 
FROM "user" LEFT OUTER JOIN role AS role_1 ON role_1.id = "user".role 
WHERE "user".id = $1::INTEGER
2026-04-29 23:28:44,742 - sqlalchemy.engine.Engine - INFO - [cached since 0.1801s ago] (23,)
2026-04-29 23:28:44,746 - sqlalchemy.engine.Engine - INFO - BEGIN (implicit)
2026-04-29 23:28:44,746 - sqlalchemy.engine.Engine - INFO - SELECT "user".id, "user".email, "user".username, "user".hashed_password, "user".is_active, "user".role, "user".created_at, role_1.id AS id_1, role_1.name 
FROM "user" LEFT OUTER JOIN role AS role_1 ON role_1.id = "user".role 
WHERE "user".id = $1::INTEGER
2026-04-29 23:28:44,746 - sqlalchemy.engine.Engine - INFO - [cached since 0.1842s ago] (23,)
2026-04-29 23:28:44,747 - sqlalchemy.engine.Engine - INFO - BEGIN (implicit)
2026-04-29 23:28:44,747 - sqlalchemy.engine.Engine - INFO - SELECT "user".id, "user".email, "user".username, "user".hashed_password, "user".is_active, "user".role, "user".created_at, role_1.id AS id_1, role_1.name 
FROM "user" LEFT OUTER JOIN role AS role_1 ON role_1.id = "user".role 
WHERE "user".id = $1::INTEGER
2026-04-29 23:28:44,747 - sqlalchemy.engine.Engine - INFO - [cached since 0.1851s ago] (23,)
2026-04-29 23:28:44,748 - sqlalchemy.engine.Engine - INFO - BEGIN (implicit)
2026-04-29 23:28:44,748 - sqlalchemy.engine.Engine - INFO - SELECT "user".id, "user".email, "user".username, "user".hashed_password, "user".is_active, "user".role, "user".created_at, role_1.id AS id_1, role_1.name 
FROM "user" LEFT OUTER JOIN role AS role_1 ON role_1.id = "user".role 
WHERE "user".id = $1::INTEGER
2026-04-29 23:28:44,748 - sqlalchemy.engine.Engine - INFO - [cached since 0.186s ago] (23,)
2026-04-29 23:28:44,749 - sqlalchemy.engine.Engine - INFO - BEGIN (implicit)
2026-04-29 23:28:44,750 - sqlalchemy.engine.Engine - INFO - SELECT "user".id, "user".email, "user".username, "user".hashed_password, "user".is_active, "user".role, "user".created_at, role_1.id AS id_1, role_1.name 
FROM "user" LEFT OUTER JOIN role AS role_1 ON role_1.id = "user".role 
WHERE "user".id = $1::INTEGER
2026-04-29 23:28:44,751 - sqlalchemy.engine.Engine - INFO - [cached since 0.1884s ago] (23,)
2026-04-29 23:28:44,754 - sqlalchemy.engine.Engine - INFO - SELECT count(topic.id) AS count_1 
FROM topic
2026-04-29 23:28:44,754 - sqlalchemy.engine.Engine - INFO - [generated in 0.00024s] ()
2026-04-29 23:28:44,755 - sqlalchemy.engine.Engine - INFO - SELECT count(topic.id) AS count_1 
FROM topic
2026-04-29 23:28:44,755 - sqlalchemy.engine.Engine - INFO - [cached since 0.00139s ago] ()
2026-04-29 23:28:44,758 - sqlalchemy.engine.Engine - INFO - SELECT count("user".id) AS count_1 
FROM "user"
2026-04-29 23:28:44,759 - sqlalchemy.engine.Engine - INFO - [generated in 0.00025s] ()
2026-04-29 23:28:44,760 - sqlalchemy.engine.Engine - INFO - SELECT count(topic.id) AS count_1 
FROM topic
2026-04-29 23:28:44,760 - sqlalchemy.engine.Engine - INFO - [cached since 0.006431s ago] ()
2026-04-29 23:28:44,761 - sqlalchemy.engine.Engine - INFO - SELECT count(lesson.id) AS count_1 
FROM lesson
2026-04-29 23:28:44,761 - sqlalchemy.engine.Engine - INFO - [generated in 0.00021s] ()
2026-04-29 23:28:44,762 - sqlalchemy.engine.Engine - INFO - SELECT count(lesson.id) AS count_1 
FROM lesson
2026-04-29 23:28:44,762 - sqlalchemy.engine.Engine - INFO - [cached since 0.0009382s ago] ()
2026-04-29 23:28:44,764 - sqlalchemy.engine.Engine - INFO - SELECT "user".id, "user".email, "user".username, "user".hashed_password, "user".is_active, "user".role, "user".created_at, role_1.id AS id_1, role_1.name 
FROM "user" LEFT OUTER JOIN role AS role_1 ON role_1.id = "user".role ORDER BY "user".id
2026-04-29 23:28:44,764 - sqlalchemy.engine.Engine - INFO - [generated in 0.00028s] ()
2026-04-29 23:28:44,766 - sqlalchemy.engine.Engine - INFO - SELECT topic.id, topic.name, topic.description, count(lesson.id) AS lessons_count, count(CASE WHEN (lesson_progress.completed_at IS NOT NULL) THEN lesson.id END) AS completed_lessons_count 
FROM topic LEFT OUTER JOIN lesson ON lesson.topic_id = topic.id LEFT OUTER JOIN lesson_progress ON lesson_progress.lesson_id = lesson.id AND lesson_progress.user_id = $1::INTEGER GROUP BY topic.id ORDER BY topic.id
2026-04-29 23:28:44,766 - sqlalchemy.engine.Engine - INFO - [cached since 0.04417s ago] (23,)
2026-04-29 23:28:44,769 - sqlalchemy.engine.Engine - INFO - SELECT count(topic.id) AS count_1 
FROM topic
2026-04-29 23:28:44,769 - sqlalchemy.engine.Engine - INFO - [cached since 0.01531s ago] ()
2026-04-29 23:28:44,770 - sqlalchemy.engine.Engine - INFO - SELECT count(lesson.id) AS count_1 
FROM lesson
2026-04-29 23:28:44,770 - sqlalchemy.engine.Engine - INFO - [cached since 0.009024s ago] ()
2026-04-29 23:28:44,771 - sqlalchemy.engine.Engine - INFO - SELECT count("user".id) AS count_1 
FROM "user"
2026-04-29 23:28:44,771 - sqlalchemy.engine.Engine - INFO - [cached since 0.01289s ago] ()
2026-04-29 23:28:44,772 - sqlalchemy.engine.Engine - INFO - SELECT count("user".id) AS count_1 
FROM "user"
2026-04-29 23:28:44,772 - sqlalchemy.engine.Engine - INFO - [cached since 0.01347s ago] ()
2026-04-29 23:28:44,776 - sqlalchemy.engine.Engine - INFO - ROLLBACK
2026-04-29 23:28:44,777 - sqlalchemy.engine.Engine - INFO - ROLLBACK
2026-04-29 23:28:44,780 - sqlalchemy.engine.Engine - INFO - SELECT count(lesson_progress.id) AS count_1 
FROM lesson_progress 
WHERE lesson_progress.user_id = $1::INTEGER AND lesson_progress.completed_at IS NOT NULL
2026-04-29 23:28:44,780 - sqlalchemy.engine.Engine - INFO - [generated in 0.00024s] (23,)
2026-04-29 23:28:44,781 - sqlalchemy.engine.Engine - INFO - SELECT count("user".id) AS count_1 
FROM "user" 
WHERE "user".is_active IS true
2026-04-29 23:28:44,781 - sqlalchemy.engine.Engine - INFO - [generated in 0.00019s] ()
2026-04-29 23:28:44,782 - sqlalchemy.engine.Engine - INFO - SELECT count("user".id) AS count_1 
FROM "user" 
WHERE "user".is_active IS true
2026-04-29 23:28:44,782 - sqlalchemy.engine.Engine - INFO - [cached since 0.0009363s ago] ()
2026-04-29 23:28:44,782 - sqlalchemy.engine.Engine - INFO - SELECT count("user".id) AS count_1 
FROM "user"
2026-04-29 23:28:44,783 - sqlalchemy.engine.Engine - INFO - [cached since 0.0242s ago] ()
2026-04-29 23:28:44,785 - sqlalchemy.engine.Engine - INFO - SELECT count(lesson_progress.id) AS count_1 
FROM lesson_progress 
WHERE lesson_progress.completed_at >= $1::TIMESTAMP WITH TIME ZONE
2026-04-29 23:28:44,785 - sqlalchemy.engine.Engine - INFO - [generated in 0.00026s] (datetime.datetime(2026, 3, 31, 0, 0, tzinfo=datetime.timezone.utc),)
2026-04-29 23:28:44,785 - sqlalchemy.engine.Engine - INFO - SELECT count(lesson_progress.id) AS count_1 
FROM lesson_progress 
WHERE lesson_progress.completed_at >= $1::TIMESTAMP WITH TIME ZONE
2026-04-29 23:28:44,786 - sqlalchemy.engine.Engine - INFO - [cached since 0.001123s ago] (datetime.datetime(2026, 3, 31, 0, 0, tzinfo=datetime.timezone.utc),)
2026-04-29 23:28:44,786 - sqlalchemy.engine.Engine - INFO - SELECT count("user".id) AS count_1 
FROM "user" 
WHERE "user".is_active IS true
2026-04-29 23:28:44,786 - sqlalchemy.engine.Engine - INFO - [cached since 0.005417s ago] ()
2026-04-29 23:28:44,788 - sqlalchemy.engine.Engine - INFO - SELECT topic.id, count(lesson.id) AS lessons_count, count(CASE WHEN (lesson_progress.user_id = $1::INTEGER AND lesson_progress.completed_at IS NOT NULL) THEN lesson.id END) AS completed_lessons_count 
FROM topic LEFT OUTER JOIN lesson ON lesson.topic_id = topic.id LEFT OUTER JOIN lesson_progress ON lesson_progress.lesson_id = lesson.id GROUP BY topic.id
2026-04-29 23:28:44,789 - sqlalchemy.engine.Engine - INFO - [generated in 0.00030s] (23,)
2026-04-29 23:28:44,792 - sqlalchemy.engine.Engine - INFO - SELECT topic.id, topic.name, count(lesson_progress.id) AS completions_count 
FROM topic LEFT OUTER JOIN lesson ON lesson.topic_id = topic.id LEFT OUTER JOIN lesson_progress ON lesson_progress.lesson_id = lesson.id AND lesson_progress.completed_at IS NOT NULL AND lesson_progress.completed_at >= $1::TIMESTAMP WITH TIME ZONE GROUP BY topic.id, topic.name ORDER BY count(lesson_progress.id) DESC, topic.name ASC
2026-04-29 23:28:44,792 - sqlalchemy.engine.Engine - INFO - [generated in 0.00028s] (datetime.datetime(2026, 3, 31, 0, 0, tzinfo=datetime.timezone.utc),)
2026-04-29 23:28:44,793 - sqlalchemy.engine.Engine - INFO - SELECT count(lesson_progress.id) AS count_1 
FROM lesson_progress 
WHERE lesson_progress.completed_at >= $1::TIMESTAMP WITH TIME ZONE
2026-04-29 23:28:44,793 - sqlalchemy.engine.Engine - INFO - [cached since 0.008733s ago] (datetime.datetime(2026, 3, 31, 0, 0, tzinfo=datetime.timezone.utc),)
2026-04-29 23:28:44,794 - sqlalchemy.engine.Engine - INFO - SELECT topic.id, topic.name, count(lesson_progress.id) AS completions_count 
FROM topic LEFT OUTER JOIN lesson ON lesson.topic_id = topic.id LEFT OUTER JOIN lesson_progress ON lesson_progress.lesson_id = lesson.id AND lesson_progress.completed_at IS NOT NULL AND lesson_progress.completed_at >= $1::TIMESTAMP WITH TIME ZONE GROUP BY topic.id, topic.name ORDER BY count(lesson_progress.id) DESC, topic.name ASC
2026-04-29 23:28:44,794 - sqlalchemy.engine.Engine - INFO - [cached since 0.002428s ago] (datetime.datetime(2026, 3, 31, 0, 0, tzinfo=datetime.timezone.utc),)
2026-04-29 23:28:44,797 - sqlalchemy.engine.Engine - INFO - SELECT "user".id, lesson.topic_id, count(lesson_progress.id) AS completed_lessons_count 
FROM "user" LEFT OUTER JOIN lesson_progress ON lesson_progress.user_id = "user".id AND lesson_progress.completed_at IS NOT NULL LEFT OUTER JOIN lesson ON lesson.id = lesson_progress.lesson_id GROUP BY "user".id, lesson.topic_id
2026-04-29 23:28:44,797 - sqlalchemy.engine.Engine - INFO - [generated in 0.00025s] ()
2026-04-29 23:28:44,799 - sqlalchemy.engine.Engine - INFO - SELECT topic.id, topic.name, count(lesson_progress.id) AS completions_count 
FROM topic LEFT OUTER JOIN lesson ON lesson.topic_id = topic.id LEFT OUTER JOIN lesson_progress ON lesson_progress.lesson_id = lesson.id AND lesson_progress.completed_at IS NOT NULL AND lesson_progress.completed_at >= $1::TIMESTAMP WITH TIME ZONE GROUP BY topic.id, topic.name ORDER BY count(lesson_progress.id) DESC, topic.name ASC
2026-04-29 23:28:44,800 - sqlalchemy.engine.Engine - INFO - [cached since 0.007674s ago] (datetime.datetime(2026, 3, 31, 0, 0, tzinfo=datetime.timezone.utc),)
2026-04-29 23:28:44,801 - sqlalchemy.engine.Engine - INFO - SELECT topic.id, topic.name, count(lesson.id) AS lessons_count 
FROM topic LEFT OUTER JOIN lesson ON lesson.topic_id = topic.id GROUP BY topic.id, topic.name ORDER BY topic.name ASC
2026-04-29 23:28:44,802 - sqlalchemy.engine.Engine - INFO - [generated in 0.00023s] ()
2026-04-29 23:28:44,802 - sqlalchemy.engine.Engine - INFO - SELECT topic.id, topic.name, count(lesson.id) AS lessons_count 
FROM topic LEFT OUTER JOIN lesson ON lesson.topic_id = topic.id GROUP BY topic.id, topic.name ORDER BY topic.name ASC
2026-04-29 23:28:44,803 - sqlalchemy.engine.Engine - INFO - [cached since 0.001181s ago] ()
2026-04-29 23:28:44,803 - sqlalchemy.engine.Engine - INFO - SELECT "user".id 
FROM "user"
2026-04-29 23:28:44,803 - sqlalchemy.engine.Engine - INFO - [generated in 0.00015s] ()
2026-04-29 23:28:44,806 - sqlalchemy.engine.Engine - INFO - SELECT topic.id, topic.name, lesson_progress.user_id, count(lesson_progress.id) AS completed_count 
FROM topic JOIN lesson ON lesson.topic_id = topic.id JOIN lesson_progress ON lesson_progress.lesson_id = lesson.id 
WHERE lesson_progress.completed_at IS NOT NULL GROUP BY topic.id, topic.name, lesson_progress.user_id
2026-04-29 23:28:44,807 - sqlalchemy.engine.Engine - INFO - [generated in 0.00024s] ()
2026-04-29 23:28:44,808 - sqlalchemy.engine.Engine - INFO - SELECT topic.id, topic.name, count(lesson.id) AS lessons_count 
FROM topic LEFT OUTER JOIN lesson ON lesson.topic_id = topic.id GROUP BY topic.id, topic.name ORDER BY topic.name ASC
2026-04-29 23:28:44,808 - sqlalchemy.engine.Engine - INFO - [cached since 0.006483s ago] ()
2026-04-29 23:28:44,809 - sqlalchemy.engine.Engine - INFO - SELECT topic.id, topic.name, lesson_progress.user_id, count(lesson_progress.id) AS completed_count 
FROM topic JOIN lesson ON lesson.topic_id = topic.id JOIN lesson_progress ON lesson_progress.lesson_id = lesson.id 
WHERE lesson_progress.completed_at IS NOT NULL GROUP BY topic.id, topic.name, lesson_progress.user_id
2026-04-29 23:28:44,809 - sqlalchemy.engine.Engine - INFO - [cached since 0.002477s ago] ()
2026-04-29 23:28:44,810 - sqlalchemy.engine.Engine - INFO - ROLLBACK
2026-04-29 23:28:44,812 - sqlalchemy.engine.Engine - INFO - SELECT topic.id, topic.name, lesson_progress.user_id, count(lesson_progress.id) AS completed_count 
FROM topic JOIN lesson ON lesson.topic_id = topic.id JOIN lesson_progress ON lesson_progress.lesson_id = lesson.id 
WHERE lesson_progress.completed_at IS NOT NULL GROUP BY topic.id, topic.name, lesson_progress.user_id
2026-04-29 23:28:44,812 - sqlalchemy.engine.Engine - INFO - [cached since 0.005882s ago] ()
2026-04-29 23:28:44,815 - sqlalchemy.engine.Engine - INFO - SELECT date(lesson_progress.completed_at) AS day, count(lesson_progress.id) AS completions_count 
FROM lesson_progress 
WHERE lesson_progress.completed_at IS NOT NULL AND lesson_progress.completed_at >= $1::TIMESTAMP WITH TIME ZONE GROUP BY date(lesson_progress.completed_at) ORDER BY date(lesson_progress.completed_at)
2026-04-29 23:28:44,815 - sqlalchemy.engine.Engine - INFO - [generated in 0.00023s] (datetime.datetime(2026, 3, 31, 0, 0, tzinfo=datetime.timezone.utc),)
2026-04-29 23:28:44,816 - sqlalchemy.engine.Engine - INFO - SELECT date(lesson_progress.completed_at) AS day, count(lesson_progress.id) AS completions_count 
FROM lesson_progress 
WHERE lesson_progress.completed_at IS NOT NULL AND lesson_progress.completed_at >= $1::TIMESTAMP WITH TIME ZONE GROUP BY date(lesson_progress.completed_at) ORDER BY date(lesson_progress.completed_at)
2026-04-29 23:28:44,816 - sqlalchemy.engine.Engine - INFO - [cached since 0.001546s ago] (datetime.datetime(2026, 3, 31, 0, 0, tzinfo=datetime.timezone.utc),)
2026-04-29 23:28:44,818 - sqlalchemy.engine.Engine - INFO - SELECT date(lesson_progress.completed_at) AS day, count(lesson_progress.id) AS completions_count 
FROM lesson_progress 
WHERE lesson_progress.completed_at IS NOT NULL AND lesson_progress.completed_at >= $1::TIMESTAMP WITH TIME ZONE GROUP BY date(lesson_progress.completed_at) ORDER BY date(lesson_progress.completed_at)
2026-04-29 23:28:44,818 - sqlalchemy.engine.Engine - INFO - [cached since 0.003532s ago] (datetime.datetime(2026, 3, 31, 0, 0, tzinfo=datetime.timezone.utc),)
2026-04-29 23:28:44,827 - sqlalchemy.engine.Engine - INFO - ROLLBACK
2026-04-29 23:28:44,829 - sqlalchemy.engine.Engine - INFO - ROLLBACK
2026-04-29 23:28:44,830 - sqlalchemy.engine.Engine - INFO - ROLLBACK
2026-04-29 23:28:50,223 - sqlalchemy.engine.Engine - INFO - BEGIN (implicit)
2026-04-29 23:28:50,224 - sqlalchemy.engine.Engine - INFO - SELECT "user".id, "user".email, "user".username, "user".hashed_password, "user".is_active, "user".role, "user".created_at, role_1.id AS id_1, role_1.name 
FROM "user" LEFT OUTER JOIN role AS role_1 ON role_1.id = "user".role 
WHERE "user".id = $1::INTEGER
2026-04-29 23:28:50,224 - sqlalchemy.engine.Engine - INFO - [cached since 5.662s ago] (23,)
2026-04-29 23:28:50,226 - sqlalchemy.engine.Engine - INFO - SELECT count(topic.id) AS count_1 
FROM topic
2026-04-29 23:28:50,226 - sqlalchemy.engine.Engine - INFO - [cached since 5.472s ago] ()
2026-04-29 23:28:50,227 - sqlalchemy.engine.Engine - INFO - SELECT count(lesson.id) AS count_1 
FROM lesson
2026-04-29 23:28:50,227 - sqlalchemy.engine.Engine - INFO - [cached since 5.466s ago] ()
2026-04-29 23:28:50,228 - sqlalchemy.engine.Engine - INFO - SELECT count("user".id) AS count_1 
FROM "user"
2026-04-29 23:28:50,228 - sqlalchemy.engine.Engine - INFO - [cached since 5.47s ago] ()
2026-04-29 23:28:50,230 - sqlalchemy.engine.Engine - INFO - SELECT count("user".id) AS count_1 
FROM "user" 
WHERE "user".is_active IS true
2026-04-29 23:28:50,230 - sqlalchemy.engine.Engine - INFO - [cached since 5.449s ago] ()
2026-04-29 23:28:50,231 - sqlalchemy.engine.Engine - INFO - SELECT count(lesson_progress.id) AS count_1 
FROM lesson_progress 
WHERE lesson_progress.completed_at >= $1::TIMESTAMP WITH TIME ZONE
2026-04-29 23:28:50,231 - sqlalchemy.engine.Engine - INFO - [cached since 5.447s ago] (datetime.datetime(2026, 3, 31, 0, 0, tzinfo=datetime.timezone.utc),)
2026-04-29 23:28:50,233 - sqlalchemy.engine.Engine - INFO - SELECT topic.id, topic.name, count(lesson_progress.id) AS completions_count 
FROM topic LEFT OUTER JOIN lesson ON lesson.topic_id = topic.id LEFT OUTER JOIN lesson_progress ON lesson_progress.lesson_id = lesson.id AND lesson_progress.completed_at IS NOT NULL AND lesson_progress.completed_at >= $1::TIMESTAMP WITH TIME ZONE GROUP BY topic.id, topic.name ORDER BY count(lesson_progress.id) DESC, topic.name ASC
2026-04-29 23:28:50,233 - sqlalchemy.engine.Engine - INFO - [cached since 5.441s ago] (datetime.datetime(2026, 3, 31, 0, 0, tzinfo=datetime.timezone.utc),)
2026-04-29 23:28:50,236 - sqlalchemy.engine.Engine - INFO - SELECT topic.id, topic.name, count(lesson.id) AS lessons_count 
FROM topic LEFT OUTER JOIN lesson ON lesson.topic_id = topic.id GROUP BY topic.id, topic.name ORDER BY topic.name ASC
2026-04-29 23:28:50,236 - sqlalchemy.engine.Engine - INFO - [cached since 5.435s ago] ()
2026-04-29 23:28:50,238 - sqlalchemy.engine.Engine - INFO - SELECT topic.id, topic.name, lesson_progress.user_id, count(lesson_progress.id) AS completed_count 
FROM topic JOIN lesson ON lesson.topic_id = topic.id JOIN lesson_progress ON lesson_progress.lesson_id = lesson.id 
WHERE lesson_progress.completed_at IS NOT NULL GROUP BY topic.id, topic.name, lesson_progress.user_id
2026-04-29 23:28:50,238 - sqlalchemy.engine.Engine - INFO - [cached since 5.432s ago] ()
2026-04-29 23:28:50,240 - sqlalchemy.engine.Engine - INFO - SELECT date(lesson_progress.completed_at) AS day, count(lesson_progress.id) AS completions_count 
FROM lesson_progress 
WHERE lesson_progress.completed_at IS NOT NULL AND lesson_progress.completed_at >= $1::TIMESTAMP WITH TIME ZONE GROUP BY date(lesson_progress.completed_at) ORDER BY date(lesson_progress.completed_at)
2026-04-29 23:28:50,240 - sqlalchemy.engine.Engine - INFO - [cached since 5.426s ago] (datetime.datetime(2026, 3, 31, 0, 0, tzinfo=datetime.timezone.utc),)
2026-04-29 23:28:50,243 - sqlalchemy.engine.Engine - INFO - ROLLBACK
2026-04-29 23:28:51,088 - sqlalchemy.engine.Engine - INFO - BEGIN (implicit)
2026-04-29 23:28:51,089 - sqlalchemy.engine.Engine - INFO - SELECT "user".id, "user".email, "user".username, "user".hashed_password, "user".is_active, "user".role, "user".created_at, role_1.id AS id_1, role_1.name 
FROM "user" LEFT OUTER JOIN role AS role_1 ON role_1.id = "user".role 
WHERE "user".id = $1::INTEGER
2026-04-29 23:28:51,090 - sqlalchemy.engine.Engine - INFO - [cached since 6.527s ago] (23,)
2026-04-29 23:28:51,092 - sqlalchemy.engine.Engine - INFO - SELECT count(topic.id) AS count_1 
FROM topic
2026-04-29 23:28:51,093 - sqlalchemy.engine.Engine - INFO - [cached since 6.339s ago] ()
2026-04-29 23:28:51,095 - sqlalchemy.engine.Engine - INFO - SELECT count(lesson.id) AS count_1 
FROM lesson
2026-04-29 23:28:51,095 - sqlalchemy.engine.Engine - INFO - [cached since 6.334s ago] ()
2026-04-29 23:28:51,096 - sqlalchemy.engine.Engine - INFO - SELECT count("user".id) AS count_1 
FROM "user"
2026-04-29 23:28:51,097 - sqlalchemy.engine.Engine - INFO - [cached since 6.338s ago] ()
2026-04-29 23:28:51,098 - sqlalchemy.engine.Engine - INFO - SELECT count("user".id) AS count_1 
FROM "user" 
WHERE "user".is_active IS true
2026-04-29 23:28:51,099 - sqlalchemy.engine.Engine - INFO - [cached since 6.318s ago] ()
2026-04-29 23:28:51,100 - sqlalchemy.engine.Engine - INFO - SELECT count(lesson_progress.id) AS count_1 
FROM lesson_progress 
WHERE lesson_progress.completed_at >= $1::TIMESTAMP WITH TIME ZONE
2026-04-29 23:28:51,100 - sqlalchemy.engine.Engine - INFO - [cached since 6.316s ago] (datetime.datetime(2026, 3, 31, 0, 0, tzinfo=datetime.timezone.utc),)
2026-04-29 23:28:51,103 - sqlalchemy.engine.Engine - INFO - SELECT topic.id, topic.name, count(lesson_progress.id) AS completions_count 
FROM topic LEFT OUTER JOIN lesson ON lesson.topic_id = topic.id LEFT OUTER JOIN lesson_progress ON lesson_progress.lesson_id = lesson.id AND lesson_progress.completed_at IS NOT NULL AND lesson_progress.completed_at >= $1::TIMESTAMP WITH TIME ZONE GROUP BY topic.id, topic.name ORDER BY count(lesson_progress.id) DESC, topic.name ASC
2026-04-29 23:28:51,104 - sqlalchemy.engine.Engine - INFO - [cached since 6.312s ago] (datetime.datetime(2026, 3, 31, 0, 0, tzinfo=datetime.timezone.utc),)
2026-04-29 23:28:51,107 - sqlalchemy.engine.Engine - INFO - SELECT topic.id, topic.name, count(lesson.id) AS lessons_count 
FROM topic LEFT OUTER JOIN lesson ON lesson.topic_id = topic.id GROUP BY topic.id, topic.name ORDER BY topic.name ASC
2026-04-29 23:28:51,107 - sqlalchemy.engine.Engine - INFO - [cached since 6.305s ago] ()
2026-04-29 23:28:51,109 - sqlalchemy.engine.Engine - INFO - SELECT topic.id, topic.name, lesson_progress.user_id, count(lesson_progress.id) AS completed_count 
FROM topic JOIN lesson ON lesson.topic_id = topic.id JOIN lesson_progress ON lesson_progress.lesson_id = lesson.id 
WHERE lesson_progress.completed_at IS NOT NULL GROUP BY topic.id, topic.name, lesson_progress.user_id
2026-04-29 23:28:51,109 - sqlalchemy.engine.Engine - INFO - [cached since 6.303s ago] ()
2026-04-29 23:28:51,112 - sqlalchemy.engine.Engine - INFO - SELECT date(lesson_progress.completed_at) AS day, count(lesson_progress.id) AS completions_count 
FROM lesson_progress 
WHERE lesson_progress.completed_at IS NOT NULL AND lesson_progress.completed_at >= $1::TIMESTAMP WITH TIME ZONE GROUP BY date(lesson_progress.completed_at) ORDER BY date(lesson_progress.completed_at)
2026-04-29 23:28:51,112 - sqlalchemy.engine.Engine - INFO - [cached since 6.298s ago] (datetime.datetime(2026, 3, 31, 0, 0, tzinfo=datetime.timezone.utc),)
2026-04-29 23:28:51,116 - sqlalchemy.engine.Engine - INFO - ROLLBACK
2026-04-29 23:28:51,940 - sqlalchemy.engine.Engine - INFO - BEGIN (implicit)
2026-04-29 23:28:51,941 - sqlalchemy.engine.Engine - INFO - SELECT "user".id, "user".email, "user".username, "user".hashed_password, "user".is_active, "user".role, "user".created_at, role_1.id AS id_1, role_1.name 
FROM "user" LEFT OUTER JOIN role AS role_1 ON role_1.id = "user".role 
WHERE "user".id = $1::INTEGER
2026-04-29 23:28:51,941 - sqlalchemy.engine.Engine - INFO - [cached since 7.379s ago] (23,)
2026-04-29 23:28:51,945 - sqlalchemy.engine.Engine - INFO - SELECT count(topic.id) AS count_1 
FROM topic
2026-04-29 23:28:51,946 - sqlalchemy.engine.Engine - INFO - [cached since 7.192s ago] ()
2026-04-29 23:28:51,949 - sqlalchemy.engine.Engine - INFO - SELECT count(lesson.id) AS count_1 
FROM lesson
2026-04-29 23:28:51,949 - sqlalchemy.engine.Engine - INFO - [cached since 7.188s ago] ()
2026-04-29 23:28:51,952 - sqlalchemy.engine.Engine - INFO - SELECT count("user".id) AS count_1 
FROM "user"
2026-04-29 23:28:51,953 - sqlalchemy.engine.Engine - INFO - [cached since 7.194s ago] ()
2026-04-29 23:28:51,956 - sqlalchemy.engine.Engine - INFO - SELECT count("user".id) AS count_1 
FROM "user" 
WHERE "user".is_active IS true
2026-04-29 23:28:51,956 - sqlalchemy.engine.Engine - INFO - [cached since 7.175s ago] ()
2026-04-29 23:28:51,959 - sqlalchemy.engine.Engine - INFO - SELECT count(lesson_progress.id) AS count_1 
FROM lesson_progress 
WHERE lesson_progress.completed_at >= $1::TIMESTAMP WITH TIME ZONE
2026-04-29 23:28:51,959 - sqlalchemy.engine.Engine - INFO - [cached since 7.175s ago] (datetime.datetime(2026, 3, 31, 0, 0, tzinfo=datetime.timezone.utc),)
2026-04-29 23:28:51,964 - sqlalchemy.engine.Engine - INFO - SELECT topic.id, topic.name, count(lesson_progress.id) AS completions_count 
FROM topic LEFT OUTER JOIN lesson ON lesson.topic_id = topic.id LEFT OUTER JOIN lesson_progress ON lesson_progress.lesson_id = lesson.id AND lesson_progress.completed_at IS NOT NULL AND lesson_progress.completed_at >= $1::TIMESTAMP WITH TIME ZONE GROUP BY topic.id, topic.name ORDER BY count(lesson_progress.id) DESC, topic.name ASC
2026-04-29 23:28:51,965 - sqlalchemy.engine.Engine - INFO - [cached since 7.173s ago] (datetime.datetime(2026, 3, 31, 0, 0, tzinfo=datetime.timezone.utc),)
2026-04-29 23:28:51,970 - sqlalchemy.engine.Engine - INFO - SELECT topic.id, topic.name, count(lesson.id) AS lessons_count 
FROM topic LEFT OUTER JOIN lesson ON lesson.topic_id = topic.id GROUP BY topic.id, topic.name ORDER BY topic.name ASC
2026-04-29 23:28:51,971 - sqlalchemy.engine.Engine - INFO - [cached since 7.169s ago] ()
2026-04-29 23:28:51,974 - sqlalchemy.engine.Engine - INFO - SELECT topic.id, topic.name, lesson_progress.user_id, count(lesson_progress.id) AS completed_count 
FROM topic JOIN lesson ON lesson.topic_id = topic.id JOIN lesson_progress ON lesson_progress.lesson_id = lesson.id 
WHERE lesson_progress.completed_at IS NOT NULL GROUP BY topic.id, topic.name, lesson_progress.user_id
2026-04-29 23:28:51,975 - sqlalchemy.engine.Engine - INFO - [cached since 7.168s ago] ()
2026-04-29 23:28:51,980 - sqlalchemy.engine.Engine - INFO - SELECT date(lesson_progress.completed_at) AS day, count(lesson_progress.id) AS completions_count 
FROM lesson_progress 
WHERE lesson_progress.completed_at IS NOT NULL AND lesson_progress.completed_at >= $1::TIMESTAMP WITH TIME ZONE GROUP BY date(lesson_progress.completed_at) ORDER BY date(lesson_progress.completed_at)
2026-04-29 23:28:51,980 - sqlalchemy.engine.Engine - INFO - [cached since 7.166s ago] (datetime.datetime(2026, 3, 31, 0, 0, tzinfo=datetime.timezone.utc),)
2026-04-29 23:28:51,985 - sqlalchemy.engine.Engine - INFO - ROLLBACK
2026-04-29 23:28:52,206 - sqlalchemy.engine.Engine - INFO - BEGIN (implicit)
2026-04-29 23:28:52,207 - sqlalchemy.engine.Engine - INFO - SELECT "user".id, "user".email, "user".username, "user".hashed_password, "user".is_active, "user".role, "user".created_at, role_1.id AS id_1, role_1.name 
FROM "user" LEFT OUTER JOIN role AS role_1 ON role_1.id = "user".role 
WHERE "user".id = $1::INTEGER
2026-04-29 23:28:52,207 - sqlalchemy.engine.Engine - INFO - [cached since 7.645s ago] (23,)
2026-04-29 23:28:52,211 - sqlalchemy.engine.Engine - INFO - SELECT count(topic.id) AS count_1 
FROM topic
2026-04-29 23:28:52,211 - sqlalchemy.engine.Engine - INFO - [cached since 7.457s ago] ()
2026-04-29 23:28:52,213 - sqlalchemy.engine.Engine - INFO - SELECT count(lesson.id) AS count_1 
FROM lesson
2026-04-29 23:28:52,213 - sqlalchemy.engine.Engine - INFO - [cached since 7.452s ago] ()
2026-04-29 23:28:52,215 - sqlalchemy.engine.Engine - INFO - SELECT count("user".id) AS count_1 
FROM "user"
2026-04-29 23:28:52,215 - sqlalchemy.engine.Engine - INFO - [cached since 7.457s ago] ()
2026-04-29 23:28:52,217 - sqlalchemy.engine.Engine - INFO - SELECT count("user".id) AS count_1 
FROM "user" 
WHERE "user".is_active IS true
2026-04-29 23:28:52,218 - sqlalchemy.engine.Engine - INFO - [cached since 7.437s ago] ()
2026-04-29 23:28:52,220 - sqlalchemy.engine.Engine - INFO - SELECT count(lesson_progress.id) AS count_1 
FROM lesson_progress 
WHERE lesson_progress.completed_at >= $1::TIMESTAMP WITH TIME ZONE
2026-04-29 23:28:52,220 - sqlalchemy.engine.Engine - INFO - [cached since 7.436s ago] (datetime.datetime(2026, 3, 31, 0, 0, tzinfo=datetime.timezone.utc),)
2026-04-29 23:28:52,224 - sqlalchemy.engine.Engine - INFO - SELECT topic.id, topic.name, count(lesson_progress.id) AS completions_count 
FROM topic LEFT OUTER JOIN lesson ON lesson.topic_id = topic.id LEFT OUTER JOIN lesson_progress ON lesson_progress.lesson_id = lesson.id AND lesson_progress.completed_at IS NOT NULL AND lesson_progress.completed_at >= $1::TIMESTAMP WITH TIME ZONE GROUP BY topic.id, topic.name ORDER BY count(lesson_progress.id) DESC, topic.name ASC
2026-04-29 23:28:52,224 - sqlalchemy.engine.Engine - INFO - [cached since 7.432s ago] (datetime.datetime(2026, 3, 31, 0, 0, tzinfo=datetime.timezone.utc),)
2026-04-29 23:28:52,228 - sqlalchemy.engine.Engine - INFO - SELECT topic.id, topic.name, count(lesson.id) AS lessons_count 
FROM topic LEFT OUTER JOIN lesson ON lesson.topic_id = topic.id GROUP BY topic.id, topic.name ORDER BY topic.name ASC
2026-04-29 23:28:52,228 - sqlalchemy.engine.Engine - INFO - [cached since 7.427s ago] ()
2026-04-29 23:28:52,230 - sqlalchemy.engine.Engine - INFO - SELECT topic.id, topic.name, lesson_progress.user_id, count(lesson_progress.id) AS completed_count 
FROM topic JOIN lesson ON lesson.topic_id = topic.id JOIN lesson_progress ON lesson_progress.lesson_id = lesson.id 
WHERE lesson_progress.completed_at IS NOT NULL GROUP BY topic.id, topic.name, lesson_progress.user_id
2026-04-29 23:28:52,231 - sqlalchemy.engine.Engine - INFO - [cached since 7.424s ago] ()
2026-04-29 23:28:52,233 - sqlalchemy.engine.Engine - INFO - SELECT date(lesson_progress.completed_at) AS day, count(lesson_progress.id) AS completions_count 
FROM lesson_progress 
WHERE lesson_progress.completed_at IS NOT NULL AND lesson_progress.completed_at >= $1::TIMESTAMP WITH TIME ZONE GROUP BY date(lesson_progress.completed_at) ORDER BY date(lesson_progress.completed_at)
2026-04-29 23:28:52,234 - sqlalchemy.engine.Engine - INFO - [cached since 7.419s ago] (datetime.datetime(2026, 3, 31, 0, 0, tzinfo=datetime.timezone.utc),)
2026-04-29 23:28:52,236 - sqlalchemy.engine.Engine - INFO - ROLLBACK
2026-04-29 23:28:52,979 - sqlalchemy.engine.Engine - INFO - BEGIN (implicit)
2026-04-29 23:28:52,980 - sqlalchemy.engine.Engine - INFO - SELECT "user".id, "user".email, "user".username, "user".hashed_password, "user".is_active, "user".role, "user".created_at, role_1.id AS id_1, role_1.name 
FROM "user" LEFT OUTER JOIN role AS role_1 ON role_1.id = "user".role 
WHERE "user".id = $1::INTEGER
2026-04-29 23:28:52,980 - sqlalchemy.engine.Engine - INFO - [cached since 8.418s ago] (23,)
2026-04-29 23:28:52,982 - sqlalchemy.engine.Engine - INFO - SELECT count(topic.id) AS count_1 
FROM topic
2026-04-29 23:28:52,982 - sqlalchemy.engine.Engine - INFO - [cached since 8.229s ago] ()
2026-04-29 23:28:52,983 - sqlalchemy.engine.Engine - INFO - SELECT count(lesson.id) AS count_1 
FROM lesson
2026-04-29 23:28:52,983 - sqlalchemy.engine.Engine - INFO - [cached since 8.222s ago] ()
2026-04-29 23:28:52,985 - sqlalchemy.engine.Engine - INFO - SELECT count("user".id) AS count_1 
FROM "user"
2026-04-29 23:28:52,985 - sqlalchemy.engine.Engine - INFO - [cached since 8.227s ago] ()
2026-04-29 23:28:52,986 - sqlalchemy.engine.Engine - INFO - SELECT count("user".id) AS count_1 
FROM "user" 
WHERE "user".is_active IS true
2026-04-29 23:28:52,987 - sqlalchemy.engine.Engine - INFO - [cached since 8.206s ago] ()
2026-04-29 23:28:52,988 - sqlalchemy.engine.Engine - INFO - SELECT count(lesson_progress.id) AS count_1 
FROM lesson_progress 
WHERE lesson_progress.completed_at >= $1::TIMESTAMP WITH TIME ZONE
2026-04-29 23:28:52,988 - sqlalchemy.engine.Engine - INFO - [cached since 8.204s ago] (datetime.datetime(2026, 3, 31, 0, 0, tzinfo=datetime.timezone.utc),)
2026-04-29 23:28:52,991 - sqlalchemy.engine.Engine - INFO - SELECT topic.id, topic.name, count(lesson_progress.id) AS completions_count 
FROM topic LEFT OUTER JOIN lesson ON lesson.topic_id = topic.id LEFT OUTER JOIN lesson_progress ON lesson_progress.lesson_id = lesson.id AND lesson_progress.completed_at IS NOT NULL AND lesson_progress.completed_at >= $1::TIMESTAMP WITH TIME ZONE GROUP BY topic.id, topic.name ORDER BY count(lesson_progress.id) DESC, topic.name ASC
2026-04-29 23:28:52,992 - sqlalchemy.engine.Engine - INFO - [cached since 8.2s ago] (datetime.datetime(2026, 3, 31, 0, 0, tzinfo=datetime.timezone.utc),)
2026-04-29 23:28:52,993 - sqlalchemy.engine.Engine - INFO - SELECT topic.id, topic.name, count(lesson.id) AS lessons_count 
FROM topic LEFT OUTER JOIN lesson ON lesson.topic_id = topic.id GROUP BY topic.id, topic.name ORDER BY topic.name ASC
2026-04-29 23:28:52,993 - sqlalchemy.engine.Engine - INFO - [cached since 8.192s ago] ()
2026-04-29 23:28:52,996 - sqlalchemy.engine.Engine - INFO - SELECT topic.id, topic.name, lesson_progress.user_id, count(lesson_progress.id) AS completed_count 
FROM topic JOIN lesson ON lesson.topic_id = topic.id JOIN lesson_progress ON lesson_progress.lesson_id = lesson.id 
WHERE lesson_progress.completed_at IS NOT NULL GROUP BY topic.id, topic.name, lesson_progress.user_id
2026-04-29 23:28:52,996 - sqlalchemy.engine.Engine - INFO - [cached since 8.189s ago] ()
2026-04-29 23:28:52,999 - sqlalchemy.engine.Engine - INFO - SELECT date(lesson_progress.completed_at) AS day, count(lesson_progress.id) AS completions_count 
FROM lesson_progress 
WHERE lesson_progress.completed_at IS NOT NULL AND lesson_progress.completed_at >= $1::TIMESTAMP WITH TIME ZONE GROUP BY date(lesson_progress.completed_at) ORDER BY date(lesson_progress.completed_at)
2026-04-29 23:28:52,999 - sqlalchemy.engine.Engine - INFO - [cached since 8.184s ago] (datetime.datetime(2026, 3, 31, 0, 0, tzinfo=datetime.timezone.utc),)
2026-04-29 23:28:53,003 - sqlalchemy.engine.Engine - INFO - ROLLBACK
2026-04-29 23:28:53,332 - sqlalchemy.engine.Engine - INFO - BEGIN (implicit)
2026-04-29 23:28:53,332 - sqlalchemy.engine.Engine - INFO - SELECT "user".id, "user".email, "user".username, "user".hashed_password, "user".is_active, "user".role, "user".created_at, role_1.id AS id_1, role_1.name 
FROM "user" LEFT OUTER JOIN role AS role_1 ON role_1.id = "user".role 
WHERE "user".id = $1::INTEGER
2026-04-29 23:28:53,333 - sqlalchemy.engine.Engine - INFO - [cached since 8.77s ago] (23,)
2026-04-29 23:28:53,336 - sqlalchemy.engine.Engine - INFO - SELECT count(topic.id) AS count_1 
FROM topic
2026-04-29 23:28:53,336 - sqlalchemy.engine.Engine - INFO - [cached since 8.583s ago] ()
2026-04-29 23:28:53,338 - sqlalchemy.engine.Engine - INFO - SELECT count(lesson.id) AS count_1 
FROM lesson
2026-04-29 23:28:53,338 - sqlalchemy.engine.Engine - INFO - [cached since 8.577s ago] ()
2026-04-29 23:28:53,340 - sqlalchemy.engine.Engine - INFO - SELECT count("user".id) AS count_1 
FROM "user"
2026-04-29 23:28:53,340 - sqlalchemy.engine.Engine - INFO - [cached since 8.581s ago] ()
2026-04-29 23:28:53,342 - sqlalchemy.engine.Engine - INFO - SELECT count("user".id) AS count_1 
FROM "user" 
WHERE "user".is_active IS true
2026-04-29 23:28:53,342 - sqlalchemy.engine.Engine - INFO - [cached since 8.561s ago] ()
2026-04-29 23:28:53,344 - sqlalchemy.engine.Engine - INFO - SELECT count(lesson_progress.id) AS count_1 
FROM lesson_progress 
WHERE lesson_progress.completed_at >= $1::TIMESTAMP WITH TIME ZONE
2026-04-29 23:28:53,344 - sqlalchemy.engine.Engine - INFO - [cached since 8.56s ago] (datetime.datetime(2026, 3, 31, 0, 0, tzinfo=datetime.timezone.utc),)
2026-04-29 23:28:53,347 - sqlalchemy.engine.Engine - INFO - SELECT topic.id, topic.name, count(lesson_progress.id) AS completions_count 
FROM topic LEFT OUTER JOIN lesson ON lesson.topic_id = topic.id LEFT OUTER JOIN lesson_progress ON lesson_progress.lesson_id = lesson.id AND lesson_progress.completed_at IS NOT NULL AND lesson_progress.completed_at >= $1::TIMESTAMP WITH TIME ZONE GROUP BY topic.id, topic.name ORDER BY count(lesson_progress.id) DESC, topic.name ASC
2026-04-29 23:28:53,348 - sqlalchemy.engine.Engine - INFO - [cached since 8.556s ago] (datetime.datetime(2026, 3, 31, 0, 0, tzinfo=datetime.timezone.utc),)
2026-04-29 23:28:53,351 - sqlalchemy.engine.Engine - INFO - SELECT topic.id, topic.name, count(lesson.id) AS lessons_count 
FROM topic LEFT OUTER JOIN lesson ON lesson.topic_id = topic.id GROUP BY topic.id, topic.name ORDER BY topic.name ASC
2026-04-29 23:28:53,351 - sqlalchemy.engine.Engine - INFO - [cached since 8.55s ago] ()
2026-04-29 23:28:53,353 - sqlalchemy.engine.Engine - INFO - SELECT topic.id, topic.name, lesson_progress.user_id, count(lesson_progress.id) AS completed_count 
FROM topic JOIN lesson ON lesson.topic_id = topic.id JOIN lesson_progress ON lesson_progress.lesson_id = lesson.id 
WHERE lesson_progress.completed_at IS NOT NULL GROUP BY topic.id, topic.name, lesson_progress.user_id
2026-04-29 23:28:53,354 - sqlalchemy.engine.Engine - INFO - [cached since 8.547s ago] ()
2026-04-29 23:28:53,356 - sqlalchemy.engine.Engine - INFO - SELECT date(lesson_progress.completed_at) AS day, count(lesson_progress.id) AS completions_count 
FROM lesson_progress 
WHERE lesson_progress.completed_at IS NOT NULL AND lesson_progress.completed_at >= $1::TIMESTAMP WITH TIME ZONE GROUP BY date(lesson_progress.completed_at) ORDER BY date(lesson_progress.completed_at)
2026-04-29 23:28:53,357 - sqlalchemy.engine.Engine - INFO - [cached since 8.542s ago] (datetime.datetime(2026, 3, 31, 0, 0, tzinfo=datetime.timezone.utc),)
2026-04-29 23:28:53,361 - sqlalchemy.engine.Engine - INFO - ROLLBACK
2026-04-29 23:28:56,182 - sqlalchemy.engine.Engine - INFO - BEGIN (implicit)
2026-04-29 23:28:56,183 - sqlalchemy.engine.Engine - INFO - SELECT "user".id, "user".email, "user".username, "user".hashed_password, "user".is_active, "user".role, "user".created_at, role_1.id AS id_1, role_1.name 
FROM "user" LEFT OUTER JOIN role AS role_1 ON role_1.id = "user".role 
WHERE "user".id = $1::INTEGER
2026-04-29 23:28:56,183 - sqlalchemy.engine.Engine - INFO - [cached since 11.62s ago] (23,)
2026-04-29 23:28:56,184 - sqlalchemy.engine.Engine - INFO - SELECT count(topic.id) AS count_1 
FROM topic
2026-04-29 23:28:56,185 - sqlalchemy.engine.Engine - INFO - [cached since 11.43s ago] ()
2026-04-29 23:28:56,185 - sqlalchemy.engine.Engine - INFO - SELECT count(lesson.id) AS count_1 
FROM lesson
2026-04-29 23:28:56,185 - sqlalchemy.engine.Engine - INFO - [cached since 11.42s ago] ()
2026-04-29 23:28:56,186 - sqlalchemy.engine.Engine - INFO - SELECT count("user".id) AS count_1 
FROM "user"
2026-04-29 23:28:56,186 - sqlalchemy.engine.Engine - INFO - [cached since 11.43s ago] ()
2026-04-29 23:28:56,187 - sqlalchemy.engine.Engine - INFO - SELECT count("user".id) AS count_1 
FROM "user" 
WHERE "user".is_active IS true
2026-04-29 23:28:56,188 - sqlalchemy.engine.Engine - INFO - [cached since 11.41s ago] ()
2026-04-29 23:28:56,189 - sqlalchemy.engine.Engine - INFO - SELECT count(lesson_progress.id) AS count_1 
FROM lesson_progress 
WHERE lesson_progress.completed_at >= $1::TIMESTAMP WITH TIME ZONE
2026-04-29 23:28:56,189 - sqlalchemy.engine.Engine - INFO - [cached since 11.4s ago] (datetime.datetime(2026, 3, 31, 0, 0, tzinfo=datetime.timezone.utc),)
2026-04-29 23:28:56,191 - sqlalchemy.engine.Engine - INFO - SELECT topic.id, topic.name, count(lesson_progress.id) AS completions_count 
FROM topic LEFT OUTER JOIN lesson ON lesson.topic_id = topic.id LEFT OUTER JOIN lesson_progress ON lesson_progress.lesson_id = lesson.id AND lesson_progress.completed_at IS NOT NULL AND lesson_progress.completed_at >= $1::TIMESTAMP WITH TIME ZONE GROUP BY topic.id, topic.name ORDER BY count(lesson_progress.id) DESC, topic.name ASC
2026-04-29 23:28:56,191 - sqlalchemy.engine.Engine - INFO - [cached since 11.4s ago] (datetime.datetime(2026, 3, 31, 0, 0, tzinfo=datetime.timezone.utc),)
2026-04-29 23:28:56,193 - sqlalchemy.engine.Engine - INFO - SELECT topic.id, topic.name, count(lesson.id) AS lessons_count 
FROM topic LEFT OUTER JOIN lesson ON lesson.topic_id = topic.id GROUP BY topic.id, topic.name ORDER BY topic.name ASC
2026-04-29 23:28:56,193 - sqlalchemy.engine.Engine - INFO - [cached since 11.39s ago] ()
2026-04-29 23:28:56,195 - sqlalchemy.engine.Engine - INFO - SELECT topic.id, topic.name, lesson_progress.user_id, count(lesson_progress.id) AS completed_count 
FROM topic JOIN lesson ON lesson.topic_id = topic.id JOIN lesson_progress ON lesson_progress.lesson_id = lesson.id 
WHERE lesson_progress.completed_at IS NOT NULL GROUP BY topic.id, topic.name, lesson_progress.user_id
2026-04-29 23:28:56,195 - sqlalchemy.engine.Engine - INFO - [cached since 11.39s ago] ()
2026-04-29 23:28:56,196 - sqlalchemy.engine.Engine - INFO - SELECT date(lesson_progress.completed_at) AS day, count(lesson_progress.id) AS completions_count 
FROM lesson_progress 
WHERE lesson_progress.completed_at IS NOT NULL AND lesson_progress.completed_at >= $1::TIMESTAMP WITH TIME ZONE GROUP BY date(lesson_progress.completed_at) ORDER BY date(lesson_progress.completed_at)
2026-04-29 23:28:56,196 - sqlalchemy.engine.Engine - INFO - [cached since 11.38s ago] (datetime.datetime(2026, 3, 31, 0, 0, tzinfo=datetime.timezone.utc),)
2026-04-29 23:28:56,198 - sqlalchemy.engine.Engine - INFO - ROLLBACK
2026-04-29 23:28:56,993 - sqlalchemy.engine.Engine - INFO - BEGIN (implicit)
2026-04-29 23:28:56,993 - sqlalchemy.engine.Engine - INFO - SELECT "user".id, "user".email, "user".username, "user".hashed_password, "user".is_active, "user".role, "user".created_at, role_1.id AS id_1, role_1.name 
FROM "user" LEFT OUTER JOIN role AS role_1 ON role_1.id = "user".role 
WHERE "user".id = $1::INTEGER
2026-04-29 23:28:56,993 - sqlalchemy.engine.Engine - INFO - [cached since 12.43s ago] (23,)
2026-04-29 23:28:56,995 - sqlalchemy.engine.Engine - INFO - SELECT count(topic.id) AS count_1 
FROM topic
2026-04-29 23:28:56,996 - sqlalchemy.engine.Engine - INFO - [cached since 12.24s ago] ()
2026-04-29 23:28:56,997 - sqlalchemy.engine.Engine - INFO - SELECT count(lesson.id) AS count_1 
FROM lesson
2026-04-29 23:28:56,998 - sqlalchemy.engine.Engine - INFO - [cached since 12.24s ago] ()
2026-04-29 23:28:56,999 - sqlalchemy.engine.Engine - INFO - SELECT count("user".id) AS count_1 
FROM "user"
2026-04-29 23:28:56,999 - sqlalchemy.engine.Engine - INFO - [cached since 12.24s ago] ()
2026-04-29 23:28:57,001 - sqlalchemy.engine.Engine - INFO - SELECT count("user".id) AS count_1 
FROM "user" 
WHERE "user".is_active IS true
2026-04-29 23:28:57,001 - sqlalchemy.engine.Engine - INFO - [cached since 12.22s ago] ()
2026-04-29 23:28:57,003 - sqlalchemy.engine.Engine - INFO - SELECT count(lesson_progress.id) AS count_1 
FROM lesson_progress 
WHERE lesson_progress.completed_at >= $1::TIMESTAMP WITH TIME ZONE
2026-04-29 23:28:57,003 - sqlalchemy.engine.Engine - INFO - [cached since 12.22s ago] (datetime.datetime(2026, 3, 31, 0, 0, tzinfo=datetime.timezone.utc),)
2026-04-29 23:28:57,006 - sqlalchemy.engine.Engine - INFO - SELECT topic.id, topic.name, count(lesson_progress.id) AS completions_count 
FROM topic LEFT OUTER JOIN lesson ON lesson.topic_id = topic.id LEFT OUTER JOIN lesson_progress ON lesson_progress.lesson_id = lesson.id AND lesson_progress.completed_at IS NOT NULL AND lesson_progress.completed_at >= $1::TIMESTAMP WITH TIME ZONE GROUP BY topic.id, topic.name ORDER BY count(lesson_progress.id) DESC, topic.name ASC
2026-04-29 23:28:57,006 - sqlalchemy.engine.Engine - INFO - [cached since 12.21s ago] (datetime.datetime(2026, 3, 31, 0, 0, tzinfo=datetime.timezone.utc),)
2026-04-29 23:28:57,009 - sqlalchemy.engine.Engine - INFO - SELECT topic.id, topic.name, count(lesson.id) AS lessons_count 
FROM topic LEFT OUTER JOIN lesson ON lesson.topic_id = topic.id GROUP BY topic.id, topic.name ORDER BY topic.name ASC
2026-04-29 23:28:57,009 - sqlalchemy.engine.Engine - INFO - [cached since 12.21s ago] ()
2026-04-29 23:28:57,012 - sqlalchemy.engine.Engine - INFO - SELECT topic.id, topic.name, lesson_progress.user_id, count(lesson_progress.id) AS completed_count 
FROM topic JOIN lesson ON lesson.topic_id = topic.id JOIN lesson_progress ON lesson_progress.lesson_id = lesson.id 
WHERE lesson_progress.completed_at IS NOT NULL GROUP BY topic.id, topic.name, lesson_progress.user_id
2026-04-29 23:28:57,012 - sqlalchemy.engine.Engine - INFO - [cached since 12.21s ago] ()
2026-04-29 23:28:57,014 - sqlalchemy.engine.Engine - INFO - SELECT date(lesson_progress.completed_at) AS day, count(lesson_progress.id) AS completions_count 
FROM lesson_progress 
WHERE lesson_progress.completed_at IS NOT NULL AND lesson_progress.completed_at >= $1::TIMESTAMP WITH TIME ZONE GROUP BY date(lesson_progress.completed_at) ORDER BY date(lesson_progress.completed_at)
2026-04-29 23:28:57,014 - sqlalchemy.engine.Engine - INFO - [cached since 12.2s ago] (datetime.datetime(2026, 3, 31, 0, 0, tzinfo=datetime.timezone.utc),)
2026-04-29 23:28:57,018 - sqlalchemy.engine.Engine - INFO - ROLLBACK
